SF:lib/core/network/api_client.dart
DA:16,0
DA:22,0
DA:23,0
DA:32,0
DA:36,0
DA:37,0
DA:38,0
DA:41,0
DA:42,0
DA:48,0
DA:52,1
DA:53,2
DA:64,1
DA:65,2
DA:66,1
DA:67,1
DA:68,1
DA:69,1
DA:73,1
DA:74,3
DA:75,1
DA:76,1
DA:77,1
DA:78,1
DA:79,1
DA:81,1
DA:82,1
DA:83,1
DA:84,1
DA:88,0
DA:89,0
DA:95,1
DA:97,3
DA:98,1
DA:99,0
DA:102,0
DA:104,0
DA:105,0
DA:107,0
DA:110,0
DA:112,0
DA:119,3
DA:120,1
DA:126,0
DA:132,3
DA:133,1
DA:134,0
DA:135,0
DA:139,0
DA:140,0
DA:141,0
DA:142,0
DA:146,0
DA:147,0
DA:148,0
DA:153,0
DA:154,0
DA:156,0
DA:157,0
DA:159,0
DA:160,0
DA:161,0
DA:164,0
DA:165,0
DA:168,0
DA:172,0
DA:173,0
DA:176,0
DA:178,0
DA:180,0
DA:182,0
DA:183,0
DA:187,0
DA:189,0
DA:190,0
DA:196,0
DA:203,0
DA:205,0
DA:206,0
DA:207,0
DA:208,0
DA:209,0
DA:210,0
DA:214,0
DA:217,0
DA:218,0
DA:222,0
DA:223,0
DA:224,0
DA:228,0
DA:229,0
DA:230,0
DA:231,0
DA:232,0
DA:233,0
DA:234,0
DA:235,0
DA:236,0
DA:237,0
DA:238,0
DA:239,0
DA:243,0
DA:249,0
DA:253,0
DA:260,0
DA:264,0
DA:269,0
DA:270,0
DA:275,0
DA:283,0
DA:284,0
DA:288,0
DA:293,0
DA:294,0
DA:296,0
DA:297,0
DA:306,0
DA:307,0
DA:308,0
DA:314,0
DA:315,0
DA:320,0
DA:321,0
DA:322,0
DA:323,0
DA:324,0
DA:325,0
DA:326,0
DA:327,0
DA:328,0
DA:329,0
DA:330,0
DA:331,0
DA:332,0
DA:333,0
DA:334,0
DA:335,0
DA:336,0
DA:337,0
DA:342,1
DA:344,2
DA:347,4
DA:349,0
DA:355,1
DA:356,2
DA:358,0
DA:363,0
DA:364,0
DA:365,0
DA:366,0
DA:367,0
DA:369,0
DA:370,0
DA:373,0
DA:374,0
DA:379,0
DA:380,0
DA:381,0
DA:382,0
DA:383,0
DA:385,0
DA:386,0
DA:390,0
DA:391,0
DA:393,0
DA:399,0
DA:400,0
DA:401,0
DA:402,0
DA:404,0
DA:405,0
DA:411,0
DA:413,0
DA:414,0
DA:415,0
DA:417,0
DA:421,0
DA:422,0
DA:423,0
DA:424,0
DA:427,0
DA:428,0
DA:429,0
DA:430,0
DA:435,0
DA:436,0
DA:437,0
DA:441,0
DA:442,0
DA:443,0
DA:444,0
DA:446,0
DA:447,0
DA:450,0
DA:451,0
DA:456,1
DA:457,2
DA:458,2
DA:459,2
DA:460,2
DA:461,2
LF:201
LH:37
end_of_record
SF:lib/core/error/failures.dart
DA:5,13
DA:13,0
DA:14,0
DA:19,0
DA:27,0
DA:29,0
DA:30,0
DA:32,0
DA:34,0
DA:36,0
DA:38,0
DA:40,0
DA:41,0
DA:42,0
DA:43,0
DA:50,0
DA:51,0
DA:53,0
DA:54,0
DA:59,0
DA:63,0
DA:66,0
DA:67,0
DA:69,0
DA:70,0
DA:75,0
DA:79,0
DA:82,0
DA:83,0
DA:85,0
DA:86,0
DA:91,0
DA:95,0
DA:97,0
DA:99,0
DA:106,0
DA:107,0
DA:109,0
DA:110,0
DA:115,7
DA:119,0
DA:122,0
DA:123,0
DA:125,0
DA:126,0
DA:131,0
DA:135,0
DA:138,0
DA:139,0
DA:141,0
DA:142,0
DA:147,6
DA:151,0
DA:154,0
DA:155,0
DA:157,0
DA:158,0
LF:57
LH:3
end_of_record
SF:lib/core/network/api_config.dart
DA:28,1
DA:34,0
DA:35,0
LF:3
LH:1
end_of_record
SF:lib/core/network/ssl_pinning.dart
DA:16,1
DA:17,1
DA:18,0
DA:19,0
DA:21,0
DA:23,0
DA:24,0
DA:29,0
DA:31,0
DA:37,0
DA:38,0
DA:44,1
DA:48,0
DA:51,0
DA:52,0
DA:57,0
DA:58,0
DA:63,0
DA:64,0
DA:65,0
DA:71,0
DA:72,0
DA:73,0
DA:78,0
DA:81,0
DA:87,0
DA:88,0
DA:91,0
DA:93,0
DA:94,0
DA:105,0
DA:106,0
DA:107,0
DA:110,0
DA:111,0
DA:115,0
DA:117,0
DA:118,0
DA:119,0
DA:123,1
DA:125,1
DA:128,2
DA:129,0
DA:134,2
DA:135,2
DA:136,0
DA:140,3
DA:143,0
DA:149,1
DA:150,1
LF:50
LH:11
end_of_record
SF:lib/core/services/firebase_app_check_service.dart
DA:7,0
DA:8,0
DA:18,0
DA:20,0
DA:23,0
DA:29,0
DA:30,0
LF:7
LH:0
end_of_record
SF:lib/features/camera/presentation/providers/camera_provider.dart
DA:22,1
DA:23,1
DA:25,1
DA:26,1
DA:29,4
DA:30,2
DA:31,0
DA:32,0
DA:33,0
DA:39,1
DA:40,1
DA:57,1
DA:66,2
DA:91,2
DA:92,0
DA:93,2
DA:94,2
DA:95,2
DA:96,0
DA:97,0
DA:100,3
DA:101,3
DA:102,0
DA:103,0
DA:104,0
DA:105,3
DA:106,3
DA:109,0
DA:110,0
DA:113,4
DA:114,0
DA:115,0
DA:118,1
DA:119,1
DA:120,1
DA:121,1
DA:122,1
DA:124,2
DA:126,1
DA:127,0
DA:128,0
DA:129,0
DA:131,1
DA:132,1
DA:133,1
DA:134,5
DA:140,1
DA:141,1
DA:143,1
DA:144,1
DA:145,1
DA:146,1
DA:148,2
DA:150,1
DA:151,0
DA:152,0
DA:153,0
DA:154,0
DA:156,1
DA:157,1
DA:158,1
DA:159,1
DA:160,1
DA:161,4
DA:164,1
DA:170,0
DA:173,0
DA:174,0
DA:178,0
DA:179,0
DA:180,0
DA:181,0
DA:183,0
DA:184,0
DA:185,0
DA:190,0
DA:191,0
DA:192,0
DA:193,0
DA:194,0
DA:196,0
DA:197,0
DA:198,0
DA:199,0
DA:200,0
DA:201,0
DA:204,0
DA:210,1
DA:212,1
DA:213,2
DA:214,2
DA:215,1
DA:216,2
DA:220,1
DA:221,1
DA:222,2
DA:223,0
DA:228,1
DA:229,1
DA:230,1
DA:231,1
DA:235,0
DA:236,0
DA:237,0
DA:243,1
DA:244,2
DA:245,1
DA:247,2
DA:248,0
DA:249,0
DA:250,0
DA:251,0
DA:256,0
DA:257,0
DA:258,0
DA:261,1
DA:262,1
DA:266,1
DA:267,2
DA:268,3
DA:271,1
DA:272,3
DA:273,2
DA:278,1
DA:279,2
DA:280,2
DA:284,1
DA:285,1
DA:286,0
DA:291,0
DA:292,0
DA:293,0
DA:297,0
DA:298,0
DA:299,0
DA:300,0
DA:301,0
DA:302,0
LF:138
LH:75
end_of_record
SF:lib/features/camera/domain/entities/camera_image.dart
DA:5,1
DA:32,0
DA:33,0
DA:34,0
DA:35,0
DA:36,0
DA:37,0
DA:38,0
DA:39,0
DA:43,0
DA:51,0
DA:52,0
DA:53,0
DA:54,0
DA:55,0
DA:56,0
DA:57,0
LF:17
LH:1
end_of_record
SF:lib/features/camera/domain/usecases/initialize_camera.dart
DA:8,0
DA:12,0
DA:15,0
DA:16,0
DA:20,0
DA:22,0
DA:26,0
DA:27,0
DA:28,0
DA:31,0
DA:32,0
DA:33,0
DA:35,0
DA:36,0
DA:37,0
DA:40,0
DA:41,0
DA:42,0
DA:45,0
DA:50,0
LF:20
LH:0
end_of_record
SF:lib/features/camera/domain/usecases/take_picture.dart
DA:9,0
DA:13,0
DA:16,0
DA:21,0
DA:26,0
LF:5
LH:0
end_of_record
SF:lib/features/camera/domain/usecases/process_image.dart
DA:11,0
DA:15,0
DA:18,0
DA:23,0
DA:27,0
DA:28,0
DA:29,0
DA:33,0
DA:34,0
DA:35,0
DA:38,0
DA:42,0
DA:45,0
DA:48,0
DA:52,0
DA:57,0
DA:59,0
DA:61,0
DA:68,0
DA:76,0
DA:77,0
LF:21
LH:0
end_of_record
SF:lib/core/usecases/usecase.dart
DA:12,14
DA:14,0
DA:15,0
LF:3
LH:1
end_of_record
SF:lib/core/errors/failures.dart
DA:5,34
DA:9,0
DA:10,0
DA:15,6
DA:20,7
DA:25,0
DA:30,7
DA:35,0
DA:40,19
DA:45,0
DA:50,13
DA:55,1
LF:12
LH:7
end_of_record
SF:lib/features/camera/domain/entities/camera_permission.dart
DA:5,7
DA:21,0
DA:24,0
DA:26,0
DA:27,0
DA:28,0
DA:29,0
DA:30,0
DA:34,0
DA:42,0
DA:50,0
LF:11
LH:1
end_of_record
SF:lib/features/camera/domain/entities/processed_image.dart
DA:5,0
DA:37,0
DA:40,0
DA:43,0
DA:45,0
DA:46,0
DA:47,0
DA:48,0
DA:49,0
DA:50,0
DA:51,0
DA:52,0
DA:53,0
LF:13
LH:0
end_of_record
SF:lib/features/camera/domain/entities/image_processing_config.dart
DA:5,7
DA:28,0
DA:29,0
DA:30,0
DA:31,0
DA:32,0
DA:33,0
DA:34,0
DA:64,0
DA:66,0
DA:68,0
DA:70,0
DA:75,0
DA:77,0
DA:79,0
DA:81,0
LF:16
LH:1
end_of_record
SF:lib/features/diagnosis/domain/entities/diagnosis_result.dart
DA:5,0
DA:40,0
DA:41,0
DA:42,0
DA:43,0
DA:44,0
DA:45,0
DA:46,0
DA:47,0
DA:48,0
DA:49,0
DA:53,0
DA:56,0
DA:59,0
DA:71,1
DA:73,1
DA:75,0
DA:77,0
DA:79,0
DA:84,0
DA:86,0
DA:88,0
DA:90,0
DA:92,0
DA:97,0
DA:99,0
DA:101,0
DA:103,0
DA:105,0
DA:110,0
DA:112,0
DA:114,0
DA:116,0
DA:118,0
DA:121,0
DA:123,0
DA:125,0
DA:127,0
DA:130,0
DA:137,0
DA:152,0
DA:153,0
DA:156,0
DA:157,0
DA:158,0
DA:159,0
DA:160,0
DA:165,0
DA:166,0
DA:167,0
DA:168,0
DA:169,0
LF:52
LH:2
end_of_record
SF:lib/features/makeup/domain/entities/makeup_product.dart
DA:5,4
DA:44,1
DA:45,1
DA:46,1
DA:47,1
DA:48,1
DA:49,1
DA:50,1
DA:51,1
DA:52,1
DA:53,1
DA:54,1
DA:58,6
DA:61,4
DA:64,4
DA:65,1
DA:66,3
DA:67,1
DA:70,3
DA:81,1
DA:83,1
DA:85,1
DA:87,1
DA:92,1
DA:94,1
DA:96,1
DA:98,1
DA:103,1
DA:105,1
DA:107,1
DA:109,1
DA:114,1
DA:116,1
DA:118,1
DA:120,1
DA:123,2
LF:36
LH:36
end_of_record
SF:lib/features/makeup/domain/entities/makeup_recommendation.dart
DA:7,2
DA:30,1
DA:31,1
DA:32,1
DA:33,1
DA:34,1
DA:35,1
DA:36,1
DA:40,2
DA:41,6
DA:45,2
DA:46,4
DA:50,2
DA:51,12
DA:55,1
DA:56,8
DA:60,1
DA:61,5
DA:62,1
DA:64,4
DA:65,2
DA:69,1
DA:70,5
DA:71,1
DA:73,5
DA:77,1
DA:78,5
DA:79,1
DA:81,5
DA:85,1
DA:86,5
DA:87,4
DA:91,3
DA:94,6
DA:97,2
DA:104,4
DA:105,4
DA:106,4
LF:38
LH:38
end_of_record
SF:lib/features/makeup/domain/usecases/get_makeup_recommendations.dart
DA:15,1
DA:19,1
DA:25,2
DA:26,1
DA:29,1
DA:31,2
DA:33,1
DA:35,1
DA:40,1
DA:44,1
DA:49,3
DA:56,1
DA:67,1
DA:68,3
DA:70,1
DA:72,1
DA:73,1
DA:74,1
LF:18
LH:18
end_of_record
SF:lib/core/di/injection_container.dart
DA:35,6
DA:37,2
DA:39,4
DA:40,2
DA:44,4
DA:45,0
DA:46,0
DA:47,0
DA:48,0
DA:49,0
DA:54,4
DA:55,4
DA:56,4
DA:59,4
DA:60,0
DA:62,4
DA:63,0
DA:67,4
DA:68,0
DA:70,4
DA:71,0
DA:76,4
DA:77,0
DA:78,0
DA:79,0
DA:84,4
DA:85,4
DA:88,4
DA:89,0
DA:93,4
DA:94,0
DA:99,4
DA:100,0
DA:101,0
DA:106,4
DA:109,4
DA:110,0
DA:111,0
DA:112,0
DA:117,4
DA:118,0
DA:119,0
DA:123,4
DA:124,0
DA:125,0
DA:131,4
DA:132,0
DA:136,2
DA:137,4
LF:49
LH:25
end_of_record
SF:lib/features/camera/data/datasources/camera_data_source.dart
DA:25,0
DA:27,0
DA:30,0
DA:31,0
DA:32,0
DA:33,0
DA:34,0
DA:35,0
DA:36,0
DA:37,0
DA:38,0
DA:39,0
DA:40,0
DA:41,0
DA:45,0
DA:47,0
DA:50,0
DA:51,0
DA:52,0
DA:53,0
DA:54,0
DA:55,0
DA:56,0
DA:57,0
DA:58,0
DA:59,0
DA:60,0
DA:61,0
DA:65,0
DA:68,0
DA:69,0
DA:75,0
DA:77,0
DA:80,0
DA:81,0
DA:83,0
DA:84,0
DA:85,0
DA:86,0
DA:88,0
DA:89,0
DA:94,0
DA:95,0
DA:100,0
DA:101,0
DA:103,0
DA:104,0
DA:105,0
DA:108,0
DA:109,0
DA:112,0
DA:113,0
DA:118,0
DA:119,0
DA:120,0
DA:125,0
DA:129,0
DA:135,0
DA:138,0
DA:139,0
DA:143,0
DA:144,0
DA:145,0
DA:149,0
DA:151,0
DA:152,0
DA:155,0
DA:157,0
DA:158,0
DA:162,0
DA:164,0
DA:165,0
DA:168,0
DA:170,0
DA:172,0
DA:174,0
DA:176,0
DA:178,0
DA:179,0
DA:185,0
DA:186,0
LF:81
LH:0
end_of_record
SF:lib/features/camera/data/datasources/image_processing_data_source.dart
DA:19,0
DA:36,0
DA:58,0
DA:63,0
DA:67,0
DA:68,0
DA:69,0
DA:72,0
DA:73,0
DA:78,0
DA:79,0
DA:80,0
DA:81,0
DA:82,0
DA:83,0
DA:85,0
DA:86,0
DA:89,0
DA:90,0
DA:95,0
DA:100,0
DA:106,0
DA:107,0
DA:108,0
DA:111,0
DA:114,0
DA:118,0
DA:124,0
DA:125,0
DA:126,0
DA:128,0
DA:129,0
DA:132,0
DA:136,0
DA:142,0
DA:146,0
DA:152,0
DA:154,0
DA:158,0
DA:159,0
DA:162,0
DA:163,0
DA:166,0
DA:167,0
DA:168,0
DA:170,0
DA:171,0
DA:175,0
DA:185,0
DA:187,0
DA:188,0
DA:189,0
DA:190,0
DA:194,0
DA:195,0
DA:196,0
DA:197,0
DA:202,0
DA:203,0
DA:206,0
DA:207,0
DA:208,0
DA:209,0
DA:213,0
DA:215,0
DA:216,0
DA:222,0
DA:225,0
DA:228,0
DA:236,0
DA:239,0
DA:240,0
DA:243,0
DA:246,0
DA:249,0
DA:250,0
DA:251,0
DA:254,0
DA:258,0
DA:261,0
DA:262,0
DA:264,0
DA:268,0
DA:274,0
DA:277,0
DA:278,0
DA:279,0
DA:280,0
DA:285,0
DA:288,0
DA:289,0
DA:290,0
DA:292,0
DA:296,0
DA:298,0
DA:302,0
DA:303,0
DA:304,0
DA:305,0
DA:306,0
DA:307,0
DA:308,0
DA:311,0
DA:313,0
DA:314,0
DA:320,0
DA:321,0
DA:324,0
DA:329,0
DA:332,0
DA:336,0
DA:337,0
LF:112
LH:0
end_of_record
SF:lib/features/camera/data/repositories/camera_repository_impl.dart
DA:11,0
DA:15,0
DA:18,0
DA:19,0
DA:21,0
DA:25,0
DA:28,0
DA:29,0
DA:31,0
DA:35,0
DA:38,0
DA:39,0
DA:41,0
DA:45,0
DA:48,0
DA:51,0
DA:55,0
DA:58,0
DA:59,0
DA:61,0
DA:65,0
DA:68,0
DA:71,0
DA:75,0
DA:76,0
DA:78,0
DA:79,0
DA:81,0
DA:88,0
DA:92,0
DA:94,0
LF:31
LH:0
end_of_record
SF:lib/features/camera/data/repositories/image_processing_repository_impl.dart
DA:10,0
DA:14,0
DA:20,0
DA:21,0
DA:23,0
DA:27,0
DA:32,0
DA:33,0
DA:35,0
DA:39,0
DA:42,0
DA:43,0
DA:45,0
DA:49,0
DA:55,0
DA:56,0
DA:58,0
DA:62,0
DA:65,0
DA:66,0
DA:68,0
DA:72,0
DA:75,0
DA:78,0
LF:24
LH:0
end_of_record
SF:lib/features/diagnosis/data/datasources/diagnosis_remote_data_source.dart
DA:15,0
DA:19,0
DA:24,0
DA:26,0
DA:27,0
DA:32,0
DA:33,0
DA:36,0
DA:38,0
DA:42,0
DA:45,0
DA:48,0
DA:49,0
DA:50,0
DA:56,0
DA:59,0
DA:61,0
DA:63,0
DA:64,0
DA:65,0
DA:66,0
DA:69,0
DA:71,0
DA:72,0
DA:73,0
LF:25
LH:0
end_of_record
SF:lib/features/diagnosis/data/repositories/diagnosis_repository_impl.dart
DA:11,0
DA:15,0
DA:21,0
DA:24,0
DA:26,0
DA:27,0
DA:29,0
DA:30,0
DA:31,0
DA:32,0
DA:34,0
DA:37,0
DA:41,0
DA:44,0
DA:45,0
DA:47,0
DA:51,0
DA:54,0
DA:55,0
DA:57,0
LF:20
LH:0
end_of_record
SF:lib/features/diagnosis/domain/usecases/diagnose_personal_color.dart
DA:11,0
DA:15,0
DA:20,0
DA:25,0
DA:30,0
DA:31,0
DA:32,0
DA:33,0
DA:36,0
DA:38,0
DA:39,0
DA:40,0
DA:42,0
DA:46,0
DA:52,0
DA:54,0
DA:57,0
DA:58,0
DA:62,0
DA:64,0
DA:69,0
DA:79,0
DA:87,0
DA:88,0
LF:24
LH:0
end_of_record
SF:lib/features/diagnosis/domain/usecases/check_api_health.dart
DA:8,0
DA:12,0
DA:14,0
LF:3
LH:0
end_of_record
SF:lib/features/diagnosis/presentation/providers/diagnosis_provider.dart
DA:18,0
DA:33,0
DA:34,0
DA:35,0
DA:36,0
DA:37,0
DA:38,0
DA:39,0
DA:40,0
DA:43,0
DA:44,0
DA:46,0
DA:47,0
DA:48,0
DA:49,0
DA:51,0
DA:52,0
DA:56,0
DA:60,0
DA:61,0
DA:62,0
DA:66,0
DA:67,0
DA:69,0
DA:71,0
DA:73,0
DA:74,0
DA:78,0
DA:80,0
DA:81,0
DA:82,0
DA:84,0
DA:85,0
DA:86,0
DA:92,0
DA:93,0
DA:94,0
DA:95,0
DA:99,0
DA:100,0
DA:101,0
DA:102,0
DA:107,0
DA:108,0
DA:109,0
DA:112,0
DA:113,0
DA:114,0
DA:117,0
DA:118,0
LF:50
LH:0
end_of_record
SF:lib/features/makeup/data/datasources/makeup_local_data_source.dart
DA:52,0
DA:62,0
DA:68,0
DA:69,0
DA:72,0
DA:73,0
DA:76,0
DA:80,0
DA:81,0
DA:83,0
DA:85,0
DA:89,0
DA:90,0
DA:92,0
DA:96,0
DA:103,0
DA:104,0
DA:107,0
DA:108,0
DA:111,0
DA:112,0
DA:113,0
DA:116,0
DA:120,0
DA:123,0
DA:124,0
DA:126,0
DA:127,0
DA:128,0
DA:131,0
DA:135,0
DA:139,0
DA:140,0
DA:142,0
DA:146,0
DA:149,0
DA:150,0
DA:153,0
DA:154,0
DA:161,0
DA:166,0
DA:167,0
DA:169,0
DA:176,0
DA:179,0
DA:180,0
DA:186,0
DA:193,0
DA:194,0
DA:198,0
DA:199,0
LF:51
LH:0
end_of_record
SF:lib/features/makeup/data/datasources/makeup_remote_data_source.dart
DA:21,0
DA:29,0
DA:35,0
DA:38,0
DA:41,0
DA:43,0
DA:44,0
DA:55,0
DA:57,0
DA:58,0
DA:61,0
DA:62,0
DA:64,0
DA:68,0
DA:70,0
DA:74,0
DA:79,0
DA:80,0
DA:81,0
DA:82,0
DA:83,0
DA:84,0
DA:86,0
DA:87,0
DA:89,0
DA:90,0
DA:91,0
DA:92,0
DA:93,0
DA:94,0
DA:95,0
DA:96,0
DA:97,0
DA:98,0
DA:100,0
DA:103,0
DA:104,0
DA:106,0
DA:107,0
DA:109,0
DA:110,0
DA:112,0
DA:113,0
LF:43
LH:0
end_of_record
SF:lib/features/makeup/data/repositories/makeup_repository_impl.dart
DA:16,0
DA:24,0
DA:31,0
DA:36,0
DA:44,0
DA:50,0
DA:60,0
DA:62,0
DA:64,0
DA:67,0
DA:71,0
DA:74,0
DA:81,0
DA:84,0
DA:90,0
DA:93,0
DA:103,0
DA:104,0
DA:105,0
DA:106,0
DA:107,0
DA:110,0
DA:111,0
DA:113,0
DA:115,0
DA:117,0
DA:119,0
DA:120,0
DA:121,0
DA:124,0
DA:127,0
DA:130,0
DA:133,0
DA:136,0
DA:137,0
LF:35
LH:0
end_of_record
SF:lib/features/makeup/presentation/providers/makeup_recommendation_provider.dart
DA:14,0
DA:28,0
DA:31,0
DA:34,0
DA:37,0
DA:40,0
DA:43,0
DA:46,0
DA:47,0
DA:48,0
DA:52,0
DA:53,0
DA:54,0
DA:58,0
DA:59,0
DA:60,0
DA:67,0
DA:72,0
DA:75,0
DA:76,0
DA:78,0
DA:83,0
DA:85,0
DA:86,0
DA:87,0
DA:88,0
DA:90,0
DA:91,0
DA:92,0
DA:96,0
DA:97,0
DA:99,0
DA:106,0
DA:107,0
DA:108,0
DA:115,0
DA:116,0
DA:120,0
DA:121,0
DA:125,0
DA:126,0
DA:127,0
DA:128,0
DA:129,0
DA:130,0
DA:136,0
DA:137,0
DA:138,0
DA:142,0
DA:143,0
DA:144,0
DA:148,0
DA:149,0
DA:150,0
DA:151,0
DA:156,0
DA:157,0
DA:158,0
DA:162,0
DA:164,0
DA:165,0
DA:166,0
DA:167,0
DA:168,0
DA:169,0
DA:173,0
DA:176,0
DA:177,0
LF:68
LH:0
end_of_record
SF:lib/core/logging/android_logger.dart
DA:23,0
DA:27,0
DA:35,0
DA:37,0
DA:38,0
DA:42,0
DA:46,0
DA:50,0
DA:55,0
DA:59,1
DA:64,1
DA:68,0
DA:73,0
DA:77,0
DA:83,0
DA:88,0
DA:94,0
DA:99,1
DA:107,0
DA:111,0
DA:112,0
DA:113,0
DA:116,0
DA:119,0
DA:126,0
DA:130,0
DA:131,0
DA:136,0
DA:143,0
DA:144,0
DA:145,0
DA:146,0
DA:147,0
DA:149,0
DA:150,0
DA:151,0
DA:154,0
DA:158,0
DA:159,0
DA:160,0
DA:163,0
DA:164,0
DA:165,0
DA:166,0
DA:167,0
DA:170,0
DA:172,0
DA:181,0
DA:190,0
DA:191,0
DA:195,0
DA:196,0
DA:204,1
DA:205,1
DA:208,0
DA:209,0
DA:211,0
DA:216,1
DA:217,1
DA:220,0
DA:221,0
DA:223,0
DA:228,0
DA:229,0
DA:232,0
DA:234,0
DA:235,0
DA:238,0
DA:243,0
DA:247,0
DA:250,0
DA:254,0
DA:257,0
DA:261,0
DA:266,0
DA:269,0
DA:271,0
DA:274,0
DA:279,0
DA:280,0
DA:282,0
DA:287,0
DA:289,0
DA:293,0
DA:294,0
DA:296,0
DA:297,0
DA:305,0
DA:309,0
DA:310,0
DA:313,0
DA:316,0
LF:92
LH:7
end_of_record
SF:lib/core/navigation/android_navigation_service.dart
DA:9,0
DA:10,0
DA:13,0
DA:17,0
DA:18,0
DA:19,0
DA:28,0
DA:34,0
DA:36,0
DA:41,0
DA:42,0
DA:53,0
DA:65,0
DA:66,0
DA:69,0
DA:70,0
DA:79,0
DA:80,0
DA:83,0
DA:84,0
DA:91,0
DA:92,0
DA:98,0
DA:99,0
DA:101,0
DA:106,0
DA:107,0
DA:108,0
DA:119,0
DA:120,0
DA:122,0
DA:125,0
DA:126,0
DA:127,0
DA:128,0
DA:130,0
DA:132,0
DA:134,0
DA:136,0
DA:137,0
DA:138,0
DA:139,0
DA:141,0
DA:144,0
DA:145,0
DA:146,0
DA:147,0
DA:148,0
DA:159,0
DA:166,0
DA:168,0
DA:169,0
DA:171,0
DA:174,0
DA:177,0
DA:178,0
DA:186,0
DA:190,0
DA:194,0
DA:196,0
DA:198,0
DA:210,0
DA:216,0
DA:218,0
DA:223,0
DA:224,0
DA:225,0
DA:226,0
LF:68
LH:0
end_of_record
SF:lib/core/performance/android_performance_optimizer.dart
DA:11,1
DA:12,1
DA:16,0
DA:19,0
DA:23,0
DA:27,0
DA:33,0
DA:35,0
DA:36,0
DA:40,0
DA:41,0
DA:44,0
DA:47,0
DA:51,0
DA:57,0
DA:58,0
DA:61,0
DA:64,0
DA:68,0
DA:74,0
DA:80,0
DA:83,0
DA:85,0
DA:94,0
DA:95,0
DA:96,0
DA:97,0
DA:98,0
DA:99,0
DA:100,0
DA:106,0
DA:113,0
DA:114,0
DA:117,0
DA:120,0
DA:124,0
DA:130,1
DA:131,1
DA:135,0
DA:136,0
DA:137,0
DA:138,0
DA:142,0
DA:146,0
DA:152,1
DA:153,1
DA:156,0
DA:161,0
DA:162,0
DA:163,0
DA:170,0
DA:177,0
DA:183,0
DA:186,0
DA:189,0
DA:191,0
DA:192,0
DA:193,0
DA:194,0
DA:195,0
DA:199,0
DA:203,0
DA:209,1
DA:210,1
DA:213,0
DA:214,0
DA:217,0
DA:221,0
LF:68
LH:8
end_of_record
SF:lib/core/platform/theme_selector.dart
DA:9,2
DA:10,2
DA:11,0
DA:12,0
DA:13,0
DA:16,2
DA:17,0
DA:21,2
DA:23,2
DA:28,2
DA:29,2
DA:30,0
DA:31,0
DA:32,0
DA:35,2
DA:37,0
DA:41,2
DA:43,2
DA:51,2
DA:57,0
DA:58,0
DA:62,0
DA:63,0
DA:64,0
DA:67,0
DA:68,0
DA:79,0
DA:80,0
DA:81,0
DA:84,0
DA:85,0
DA:94,0
DA:95,0
DA:99,0
DA:110,0
DA:111,0
LF:36
LH:11
end_of_record
SF:lib/shared/theme/app_theme.dart
DA:47,0
DA:48,0
DA:50,0
DA:98,0
DA:99,0
DA:101,0
DA:102,0
DA:105,0
DA:110,0
DA:113,0
DA:114,0
DA:115,0
LF:12
LH:0
end_of_record
SF:lib/shared/theme/android_theme.dart
DA:12,1
DA:13,1
DA:18,1
DA:23,1
DA:102,1
DA:106,1
DA:107,1
DA:108,1
DA:109,1
DA:112,1
DA:115,1
DA:116,1
DA:122,1
DA:123,1
DA:124,1
DA:148,1
DA:150,1
DA:151,1
DA:154,1
DA:155,1
DA:159,1
DA:160,1
DA:163,1
DA:164,1
DA:170,1
DA:171,1
DA:174,1
DA:175,1
DA:181,1
DA:182,1
DA:184,1
DA:185,1
DA:191,1
DA:192,1
DA:199,1
DA:201,1
DA:202,1
DA:204,1
DA:207,1
DA:209,1
DA:210,1
DA:211,1
DA:212,1
DA:218,1
DA:220,1
DA:221,1
DA:223,1
DA:224,1
DA:225,1
DA:228,1
DA:230,1
DA:233,1
DA:239,1
DA:241,1
DA:242,1
DA:244,1
DA:245,1
DA:247,1
DA:249,1
DA:253,1
DA:254,1
DA:255,2
DA:256,2
DA:260,1
DA:263,1
DA:264,1
DA:265,1
DA:266,1
DA:267,1
DA:269,1
DA:270,0
DA:273,0
DA:274,0
DA:275,0
DA:278,1
DA:279,0
DA:281,0
DA:282,0
DA:283,0
DA:291,1
DA:292,1
DA:297,2
DA:299,3
DA:300,1
DA:301,1
DA:302,1
DA:303,1
DA:306,1
DA:309,1
DA:310,1
DA:314,1
DA:316,1
DA:317,1
DA:320,1
DA:321,1
DA:323,1
DA:325,1
DA:326,1
DA:328,1
DA:329,1
DA:330,1
DA:333,1
DA:335,1
DA:338,1
DA:342,3
DA:343,1
DA:344,1
DA:346,1
DA:348,1
DA:402,0
DA:409,0
DA:416,0
DA:423,0
DA:430,0
DA:431,0
DA:432,0
DA:433,0
DA:434,0
DA:438,0
DA:440,0
DA:443,0
DA:444,0
DA:445,0
DA:446,0
DA:447,0
LF:125
LH:101
end_of_record
SF:lib/core/services/android_permission_service.dart
DA:15,0
DA:16,0
DA:19,0
DA:20,0
DA:21,0
DA:22,0
DA:23,0
DA:24,0
DA:25,0
DA:26,0
DA:27,0
DA:28,0
DA:29,0
DA:30,0
DA:35,0
DA:36,0
DA:37,0
DA:41,0
DA:42,0
DA:43,0
DA:47,0
DA:48,0
DA:49,0
DA:53,0
DA:54,0
DA:55,0
DA:59,0
DA:60,0
DA:61,0
DA:62,0
DA:66,0
DA:67,0
DA:68,0
DA:72,0
DA:76,0
DA:77,0
DA:78,0
DA:82,0
DA:85,0
DA:90,0
DA:91,0
DA:92,0
DA:96,0
DA:99,0
DA:100,0
DA:101,0
DA:105,0
DA:106,0
DA:108,0
DA:110,0
DA:111,0
DA:112,0
DA:115,0
DA:116,0
DA:122,0
DA:123,0
DA:128,0
DA:129,0
DA:131,0
DA:134,0
DA:135,0
DA:138,0
DA:142,0
DA:143,0
DA:146,0
DA:147,0
DA:148,0
DA:149,0
DA:152,0
DA:155,0
DA:157,0
DA:158,0
DA:160,0
DA:163,0
DA:165,0
DA:166,0
DA:167,0
DA:169,0
DA:170,0
DA:171,0
DA:172,0
DA:173,0
DA:176,0
DA:179,0
DA:180,0
DA:182,0
DA:190,0
DA:192,0
DA:193,0
DA:201,0
DA:202,0
DA:203,0
DA:213,0
DA:215,0
DA:216,0
DA:217,0
DA:218,0
DA:219,0
DA:220,0
DA:221,0
DA:222,0
DA:223,0
DA:224,0
DA:225,0
DA:226,0
DA:231,0
DA:232,0
DA:233,0
DA:234,0
DA:235,0
DA:239,0
DA:240,0
DA:243,0
DA:244,0
DA:245,0
LF:115
LH:0
end_of_record
SF:lib/features/camera/presentation/widgets/android/permission_dialog.dart
DA:6,0
DA:17,0
DA:19,0
DA:21,0
DA:22,0
DA:23,0
DA:24,0
DA:25,0
DA:28,0
DA:31,0
DA:35,0
DA:36,0
DA:37,0
DA:42,0
DA:44,0
DA:45,0
DA:46,0
DA:49,0
DA:55,0
DA:57,0
DA:58,0
DA:59,0
DA:61,0
DA:62,0
DA:63,0
DA:66,0
DA:69,0
DA:70,0
DA:72,0
DA:73,0
DA:84,0
DA:85,0
DA:86,0
DA:90,0
DA:91,0
DA:93,0
DA:94,0
DA:95,0
DA:96,0
DA:98,0
DA:101,0
DA:102,0
DA:108,0
DA:109,0
DA:111,0
DA:112,0
DA:113,0
DA:114,0
DA:116,0
DA:119,0
DA:120,0
DA:127,0
DA:128,0
DA:131,0
DA:132,0
DA:133,0
DA:134,0
DA:142,0
DA:143,0
DA:146,0
DA:147,0
DA:148,0
DA:149,0
DA:150,0
DA:152,0
DA:162,0
DA:169,0
DA:171,0
DA:173,0
DA:174,0
DA:175,0
DA:176,0
DA:177,0
DA:180,0
DA:183,0
DA:187,0
DA:189,0
DA:194,0
DA:197,0
DA:198,0
DA:200,0
DA:204,0
DA:212,0
DA:220,0
DA:230,0
DA:231,0
DA:232,0
DA:239,0
DA:240,0
DA:242,0
DA:244,0
DA:245,0
DA:248,0
DA:251,0
DA:252,0
DA:254,0
DA:255,0
DA:257,0
DA:259,0
DA:263,0
DA:265,0
DA:266,0
DA:277,0
DA:278,0
DA:281,0
DA:282,0
DA:283,0
LF:107
LH:0
end_of_record
SF:lib/features/camera/data/models/camera_image_model.dart
DA:5,0
DA:15,0
DA:16,0
DA:17,0
DA:18,0
DA:19,0
DA:20,0
DA:21,0
DA:22,0
DA:27,0
DA:28,0
DA:29,0
DA:30,0
DA:31,0
DA:32,0
DA:33,0
DA:34,0
DA:39,0
DA:40,0
DA:41,0
DA:42,0
DA:43,0
DA:44,0
DA:45,0
DA:46,0
DA:51,0
DA:57,0
DA:58,0
DA:60,0
LF:29
LH:0
end_of_record
SF:lib/features/camera/data/models/processed_image_model.dart
DA:5,0
DA:16,0
DA:17,0
DA:18,0
DA:19,0
DA:20,0
DA:21,0
DA:22,0
DA:23,0
DA:24,0
DA:29,0
DA:38,0
DA:50,0
DA:51,0
DA:52,0
DA:53,0
DA:54,0
DA:55,0
DA:56,0
DA:57,0
DA:58,0
DA:63,0
DA:64,0
DA:65,0
DA:66,0
DA:67,0
DA:68,0
DA:69,0
DA:70,0
DA:71,0
LF:30
LH:0
end_of_record
SF:lib/features/camera/presentation/android/android_camera_page.dart
DA:15,6
DA:17,0
DA:18,0
DA:24,0
DA:26,0
DA:27,0
DA:28,0
DA:29,0
DA:34,0
DA:35,0
DA:39,0
DA:41,0
DA:44,0
DA:46,0
DA:48,0
DA:50,0
DA:51,0
DA:53,0
DA:56,0
DA:59,0
DA:60,0
DA:66,0
DA:67,0
DA:69,0
DA:70,0
DA:71,0
DA:72,0
DA:74,0
DA:76,0
DA:82,0
DA:84,0
DA:85,0
DA:88,0
DA:90,0
DA:92,0
DA:93,0
DA:95,0
DA:98,0
DA:99,0
DA:105,0
DA:106,0
DA:108,0
DA:110,0
DA:112,0
DA:116,0
DA:118,0
DA:121,0
DA:123,0
DA:124,0
DA:125,0
DA:127,0
DA:130,0
DA:131,0
DA:133,0
DA:135,0
DA:137,0
DA:141,0
DA:142,0
DA:143,0
DA:144,0
DA:145,0
DA:147,0
DA:150,0
DA:151,0
DA:153,0
DA:158,0
DA:169,0
DA:170,0
DA:173,0
DA:174,0
DA:179,0
DA:180,0
DA:188,0
DA:189,0
DA:191,0
DA:192,0
DA:194,0
DA:201,0
DA:202,0
DA:204,0
DA:207,0
DA:208,0
DA:209,0
DA:210,0
DA:212,0
DA:214,0
DA:216,0
DA:218,0
DA:219,0
DA:220,0
DA:221,0
DA:223,0
DA:226,0
DA:227,0
DA:236,0
DA:237,0
DA:239,0
DA:240,0
DA:241,0
DA:243,0
DA:244,0
DA:249,0
DA:251,0
DA:252,0
DA:261,0
DA:263,0
DA:264,0
DA:265,0
DA:266,0
DA:267,0
DA:268,0
DA:269,0
DA:273,0
DA:274,0
DA:276,0
DA:277,0
DA:278,0
DA:280,0
DA:281,0
DA:282,0
DA:283,0
DA:284,0
DA:286,0
DA:287,0
DA:289,0
DA:293,0
DA:295,0
DA:296,0
DA:307,0
DA:308,0
DA:309,0
DA:310,0
DA:311,0
DA:313,0
DA:314,0
DA:316,0
DA:317,0
DA:318,0
DA:321,0
DA:323,0
DA:324,0
DA:340,0
DA:341,0
DA:342,0
DA:344,0
DA:345,0
DA:346,0
DA:349,0
DA:351,0
DA:352,0
DA:361,0
DA:362,0
DA:363,0
DA:364,0
DA:365,0
DA:366,0
DA:373,0
DA:374,0
DA:376,0
DA:377,0
DA:378,0
DA:379,0
DA:380,0
DA:381,0
DA:385,0
DA:386,0
DA:387,0
DA:388,0
DA:399,0
DA:400,0
DA:402,0
DA:403,0
DA:404,0
DA:407,0
DA:409,0
DA:410,0
DA:418,0
DA:419,0
DA:421,0
DA:423,0
DA:425,0
DA:426,0
DA:427,0
DA:428,0
DA:432,0
DA:434,0
DA:436,0
DA:437,0
DA:447,0
DA:450,0
DA:452,0
DA:453,0
DA:454,0
DA:460,0
DA:462,0
DA:463,0
DA:464,0
DA:465,0
DA:466,0
DA:468,0
DA:476,0
DA:477,0
DA:479,0
DA:482,0
DA:484,0
DA:485,0
DA:486,0
DA:493,0
DA:494,0
DA:495,0
DA:501,0
DA:504,0
DA:507,0
DA:508,0
DA:509,0
DA:510,0
DA:512,0
DA:513,0
DA:514,0
DA:519,0
DA:521,0
DA:525,0
DA:530,0
DA:531,0
DA:533,0
DA:534,0
DA:535,0
DA:536,0
DA:539,0
DA:540,0
LF:230
LH:1
end_of_record
SF:lib/features/camera/presentation/widgets/android/material_capture_button.dart
DA:6,0
DA:17,0
DA:19,0
DA:21,0
DA:24,0
DA:25,0
DA:26,0
DA:27,0
DA:28,0
DA:29,0
DA:30,0
DA:31,0
DA:32,0
DA:33,0
DA:34,0
DA:35,0
DA:37,0
DA:38,0
DA:40,0
DA:41,0
DA:44,0
DA:46,0
DA:47,0
DA:48,0
DA:52,0
DA:55,0
DA:56,0
LF:27
LH:0
end_of_record
SF:lib/shared/widgets/error_display.dart
DA:10,0
DA:17,0
DA:19,0
DA:21,0
DA:23,0
DA:24,0
DA:25,0
DA:27,0
DA:30,0
DA:32,0
DA:34,0
DA:39,0
DA:40,0
DA:41,0
DA:42,0
DA:48,0
DA:49,0
DA:51,0
DA:52,0
DA:61,0
DA:62,0
DA:65,0
DA:66,0
DA:73,0
DA:74,0
DA:75,0
DA:77,0
DA:78,0
DA:88,0
DA:89,0
DA:91,0
DA:93,0
DA:95,0
DA:102,0
DA:103,0
DA:105,0
DA:107,0
DA:109,0
DA:119,0
DA:125,0
DA:126,0
DA:127,0
DA:128,0
DA:129,0
DA:130,0
DA:131,0
DA:136,0
DA:137,0
DA:138,0
DA:147,0
DA:150,0
DA:157,0
DA:158,0
DA:165,0
DA:166,0
DA:168,0
DA:170,0
DA:172,0
DA:179,0
DA:180,0
DA:182,0
DA:184,0
DA:186,0
DA:199,0
DA:205,0
DA:207,0
DA:208,0
DA:213,0
DA:214,0
DA:215,0
LF:70
LH:0
end_of_record
SF:lib/features/diagnosis/presentation/android/android_diagnosis_result_page.dart
DA:11,0
DA:20,0
DA:22,0
DA:24,0
DA:26,0
DA:29,0
DA:30,0
DA:32,0
DA:37,0
DA:39,0
DA:43,0
DA:45,0
DA:47,0
DA:49,0
DA:50,0
DA:51,0
DA:57,0
DA:62,0
DA:63,0
DA:65,0
DA:71,0
DA:72,0
DA:73,0
DA:79,0
DA:89,0
DA:90,0
DA:91,0
DA:92,0
DA:93,0
DA:95,0
DA:97,0
DA:98,0
DA:99,0
DA:100,0
DA:102,0
DA:106,0
DA:108,0
DA:110,0
DA:116,0
DA:117,0
DA:118,0
DA:120,0
DA:130,0
DA:131,0
DA:132,0
DA:134,0
DA:137,0
DA:138,0
DA:141,0
DA:142,0
DA:143,0
DA:153,0
DA:155,0
DA:158,0
DA:159,0
DA:160,0
DA:165,0
DA:167,0
DA:168,0
DA:169,0
DA:170,0
DA:171,0
DA:172,0
DA:173,0
DA:174,0
DA:179,0
DA:181,0
DA:182,0
DA:183,0
DA:184,0
DA:185,0
DA:186,0
DA:187,0
DA:188,0
DA:194,0
DA:196,0
DA:197,0
DA:200,0
LF:78
LH:0
end_of_record
SF:lib/features/camera/presentation/ios/ios_camera_page.dart
DA:13,6
DA:15,0
DA:16,0
DA:21,0
DA:23,0
DA:24,0
DA:25,0
DA:26,0
DA:30,0
DA:32,0
DA:33,0
DA:36,0
DA:38,0
DA:40,0
DA:41,0
DA:43,0
DA:45,0
DA:46,0
DA:51,0
DA:53,0
DA:55,0
DA:59,0
DA:61,0
DA:64,0
DA:65,0
DA:66,0
DA:67,0
DA:68,0
DA:70,0
DA:72,0
DA:73,0
DA:96,0
DA:97,0
DA:98,0
DA:103,0
DA:112,0
DA:114,0
DA:115,0
DA:119,0
DA:120,0
DA:121,0
DA:122,0
DA:126,0
DA:127,0
DA:128,0
DA:129,0
DA:131,0
DA:132,0
DA:133,0
DA:135,0
DA:136,0
DA:137,0
DA:163,0
DA:164,0
DA:165,0
DA:195,0
DA:210,0
DA:211,0
DA:212,0
DA:213,0
DA:214,0
DA:220,0
DA:221,0
DA:223,0
DA:227,0
DA:228,0
DA:229,0
DA:231,0
DA:232,0
DA:233,0
DA:234,0
DA:256,0
DA:257,0
DA:259,0
DA:260,0
DA:262,0
DA:263,0
DA:264,0
DA:265,0
DA:276,0
DA:279,0
DA:281,0
DA:282,0
DA:283,0
DA:284,0
DA:285,0
DA:294,0
DA:296,0
DA:297,0
DA:298,0
DA:299,0
DA:300,0
DA:302,0
DA:304,0
DA:313,0
DA:314,0
DA:316,0
DA:317,0
DA:318,0
DA:322,0
DA:323,0
DA:324,0
DA:325,0
DA:334,0
DA:335,0
DA:336,0
DA:337,0
DA:348,0
DA:351,0
DA:354,0
DA:355,0
DA:356,0
DA:357,0
DA:359,0
DA:360,0
DA:361,0
DA:366,0
DA:368,0
DA:369,0
DA:370,0
DA:377,0
DA:378,0
DA:379,0
DA:380,0
LF:124
LH:1
end_of_record
SF:lib/features/camera/presentation/widgets/capture_button.dart
DA:5,0
DA:16,0
DA:18,0
DA:21,0
DA:23,0
DA:28,0
DA:30,0
DA:31,0
DA:32,0
DA:33,0
DA:35,0
DA:37,0
DA:39,0
LF:13
LH:0
end_of_record
SF:lib/features/diagnosis/presentation/ios/ios_diagnosis_result_page.dart
DA:13,0
DA:19,0
DA:21,0
DA:22,0
DA:23,0
DA:27,0
DA:29,0
DA:32,0
DA:34,0
DA:36,0
DA:38,0
DA:39,0
DA:40,0
DA:46,0
DA:51,0
DA:52,0
DA:59,0
DA:64,0
DA:73,0
DA:74,0
DA:76,0
DA:78,0
DA:79,0
DA:80,0
DA:81,0
DA:87,0
DA:89,0
DA:90,0
DA:91,0
DA:92,0
DA:94,0
DA:98,0
DA:100,0
DA:102,0
DA:108,0
DA:109,0
DA:110,0
DA:112,0
DA:120,0
DA:121,0
DA:122,0
DA:124,0
DA:127,0
DA:128,0
DA:137,0
DA:138,0
DA:140,0
DA:141,0
DA:152,0
DA:154,0
DA:156,0
DA:158,0
DA:160,0
DA:165,0
DA:167,0
DA:169,0
DA:171,0
DA:173,0
DA:178,0
DA:180,0
DA:181,0
DA:184,0
LF:62
LH:0
end_of_record
SF:lib/features/camera/presentation/pages/camera_page.dart
DA:8,12
DA:10,1
DA:12,1
DA:15,1
DA:21,1
DA:25,1
DA:26,1
DA:27,1
LF:8
LH:8
end_of_record
SF:lib/features/diagnosis/data/models/diagnosis_request_model.dart
DA:5,0
DA:13,0
DA:14,0
DA:15,0
DA:16,0
DA:17,0
DA:18,0
DA:23,0
DA:24,0
DA:25,0
DA:26,0
DA:27,0
DA:28,0
DA:30,0
DA:35,0
DA:37,0
DA:38,0
DA:39,0
DA:40,0
DA:41,0
DA:46,0
DA:47,0
DA:48,0
DA:49,0
LF:24
LH:0
end_of_record
SF:lib/features/diagnosis/data/models/diagnosis_result_model.dart
DA:5,0
DA:17,0
DA:18,0
DA:19,0
DA:20,0
DA:21,0
DA:22,0
DA:23,0
DA:24,0
DA:25,0
DA:26,0
DA:31,0
DA:33,0
DA:35,0
DA:36,0
DA:37,0
DA:39,0
DA:40,0
DA:41,0
DA:42,0
DA:45,0
DA:46,0
DA:48,0
DA:49,0
DA:54,0
DA:58,0
DA:59,0
DA:63,0
DA:67,0
DA:68,0
DA:72,0
DA:73,0
DA:74,0
DA:75,0
DA:76,0
DA:77,0
DA:78,0
DA:79,0
DA:80,0
DA:81,0
DA:82,0
DA:83,0
DA:84,0
DA:85,0
LF:44
LH:0
end_of_record
SF:lib/features/diagnosis/domain/entities/diagnosis_request.dart
DA:5,0
DA:24,0
DA:25,0
DA:26,0
DA:27,0
DA:28,0
DA:29,0
DA:33,0
DA:34,0
DA:35,0
DA:36,0
DA:37,0
DA:38,0
DA:43,0
DA:44,0
DA:45,0
DA:46,0
DA:47,0
DA:48,0
LF:19
LH:0
end_of_record
SF:lib/features/diagnosis/presentation/widgets/android/material_result_card.dart
DA:7,0
DA:16,0
DA:18,0
DA:20,0
DA:21,0
DA:22,0
DA:23,0
DA:25,0
DA:26,0
DA:28,0
DA:33,0
DA:38,0
DA:46,0
DA:47,0
DA:48,0
DA:49,0
DA:51,0
DA:52,0
DA:59,0
DA:61,0
DA:62,0
DA:63,0
DA:64,0
DA:65,0
DA:69,0
DA:70,0
DA:71,0
DA:72,0
DA:73,0
DA:77,0
DA:78,0
DA:79,0
DA:81,0
DA:90,0
DA:91,0
DA:92,0
DA:93,0
DA:103,0
DA:104,0
DA:105,0
DA:107,0
DA:112,0
DA:113,0
DA:120,0
DA:121,0
DA:124,0
DA:125,0
DA:126,0
DA:127,0
DA:130,0
DA:131,0
DA:132,0
DA:133,0
DA:134,0
DA:137,0
DA:138,0
DA:139,0
DA:142,0
DA:150,0
DA:151,0
DA:153,0
DA:154,0
DA:155,0
DA:156,0
DA:157,0
DA:160,0
DA:162,0
DA:163,0
DA:164,0
DA:165,0
DA:167,0
DA:171,0
DA:173,0
DA:175,0
DA:181,0
DA:182,0
DA:183,0
DA:185,0
DA:196,0
DA:197,0
DA:199,0
DA:200,0
DA:202,0
DA:203,0
DA:205,0
DA:207,0
DA:210,0
DA:211,0
DA:212,0
DA:213,0
DA:216,0
DA:226,0
DA:227,0
DA:228,0
DA:229,0
DA:230,0
DA:233,0
DA:238,0
DA:239,0
DA:240,0
DA:241,0
DA:249,0
DA:251,0
DA:252,0
DA:253,0
DA:254,0
DA:255,0
DA:256,0
DA:257,0
DA:258,0
DA:263,0
DA:265,0
DA:267,0
DA:269,0
DA:271,0
DA:277,0
DA:278,0
DA:280,0
DA:282,0
LF:119
LH:0
end_of_record
SF:lib/features/diagnosis/presentation/widgets/android/material_color_palette.dart
DA:6,0
DA:17,0
DA:19,0
DA:21,0
DA:22,0
DA:23,0
DA:24,0
DA:26,0
DA:28,0
DA:30,0
DA:31,0
DA:32,0
DA:34,0
DA:38,0
DA:39,0
DA:40,0
DA:42,0
DA:51,0
DA:59,0
DA:60,0
DA:63,0
DA:64,0
DA:65,0
DA:70,0
DA:71,0
DA:72,0
DA:73,0
DA:75,0
DA:80,0
DA:82,0
DA:83,0
DA:84,0
DA:85,0
DA:87,0
DA:88,0
DA:89,0
DA:90,0
DA:91,0
DA:95,0
DA:97,0
DA:99,0
DA:102,0
DA:105,0
DA:106,0
DA:109,0
DA:110,0
DA:111,0
DA:122,0
DA:123,0
DA:124,0
DA:126,0
DA:141,0
DA:147,0
DA:149,0
DA:150,0
DA:151,0
DA:152,0
DA:153,0
DA:154,0
DA:155,0
DA:156,0
DA:161,0
DA:162,0
DA:193,0
DA:197,0
DA:199,0
DA:200,0
DA:202,0
DA:203,0
DA:204,0
DA:205,0
LF:71
LH:0
end_of_record
SF:lib/features/diagnosis/presentation/widgets/android/material_tips_section.dart
DA:6,0
DA:15,0
DA:17,0
DA:19,0
DA:20,0
DA:21,0
DA:22,0
DA:24,0
DA:26,0
DA:28,0
DA:29,0
DA:30,0
DA:32,0
DA:36,0
DA:38,0
DA:40,0
DA:49,0
DA:57,0
DA:59,0
DA:61,0
DA:63,0
DA:66,0
DA:67,0
DA:68,0
DA:69,0
DA:70,0
DA:71,0
DA:72,0
DA:74,0
DA:80,0
DA:81,0
DA:83,0
DA:84,0
DA:85,0
DA:86,0
DA:87,0
DA:90,0
DA:92,0
DA:93,0
DA:96,0
DA:97,0
DA:107,0
DA:108,0
DA:110,0
DA:112,0
DA:122,0
DA:123,0
DA:125,0
DA:127,0
DA:130,0
DA:131,0
DA:133,0
DA:134,0
DA:138,0
DA:139,0
DA:140,0
DA:141,0
DA:143,0
DA:152,0
DA:153,0
DA:155,0
DA:156,0
DA:157,0
DA:158,0
DA:159,0
DA:162,0
DA:164,0
DA:166,0
DA:176,0
DA:178,0
DA:179,0
DA:180,0
DA:181,0
DA:182,0
DA:183,0
DA:184,0
DA:185,0
LF:77
LH:0
end_of_record
SF:lib/features/diagnosis/presentation/widgets/result_card.dart
DA:9,0
DA:15,0
DA:17,0
DA:19,0
DA:21,0
DA:22,0
DA:23,0
DA:24,0
DA:30,0
DA:31,0
DA:33,0
DA:38,0
DA:39,0
DA:41,0
DA:46,0
DA:47,0
DA:55,0
DA:61,0
DA:62,0
DA:63,0
DA:64,0
DA:66,0
DA:68,0
DA:73,0
DA:75,0
DA:76,0
DA:77,0
DA:78,0
DA:79,0
DA:83,0
DA:84,0
DA:85,0
DA:88,0
DA:93,0
DA:94,0
DA:95,0
DA:97,0
DA:105,0
DA:106,0
DA:109,0
DA:110,0
DA:111,0
DA:112,0
DA:113,0
DA:119,0
DA:120,0
DA:121,0
DA:122,0
DA:123,0
DA:126,0
DA:127,0
DA:128,0
DA:131,0
DA:138,0
DA:139,0
DA:141,0
DA:142,0
DA:144,0
DA:145,0
DA:146,0
DA:147,0
DA:148,0
DA:151,0
DA:153,0
DA:154,0
DA:155,0
DA:156,0
DA:157,0
DA:158,0
DA:162,0
DA:164,0
DA:167,0
DA:173,0
DA:174,0
DA:175,0
DA:177,0
DA:188,0
DA:189,0
DA:191,0
DA:192,0
DA:194,0
DA:195,0
DA:197,0
DA:200,0
DA:203,0
DA:204,0
DA:205,0
DA:208,0
DA:214,0
DA:216,0
DA:217,0
DA:218,0
DA:220,0
DA:222,0
DA:223,0
DA:224,0
DA:225,0
DA:226,0
DA:227,0
DA:228,0
DA:229,0
DA:237,0
DA:238,0
DA:239,0
DA:241,0
DA:248,0
DA:250,0
DA:252,0
DA:254,0
DA:256,0
DA:261,0
DA:263,0
DA:265,0
DA:267,0
DA:269,0
DA:275,0
DA:276,0
DA:278,0
DA:280,0
LF:119
LH:0
end_of_record
SF:lib/features/diagnosis/presentation/widgets/color_palette_widget.dart
DA:9,0
DA:15,0
DA:17,0
DA:19,0
DA:21,0
DA:22,0
DA:23,0
DA:24,0
DA:30,0
DA:32,0
DA:33,0
DA:34,0
DA:41,0
DA:42,0
DA:43,0
DA:45,0
DA:51,0
DA:54,0
DA:61,0
DA:63,0
DA:64,0
DA:65,0
DA:67,0
DA:69,0
DA:70,0
DA:71,0
DA:72,0
DA:77,0
DA:79,0
DA:80,0
DA:83,0
DA:86,0
DA:90,0
DA:91,0
DA:92,0
DA:100,0
DA:102,0
DA:113,0
DA:115,0
DA:142,0
DA:145,0
DA:147,0
DA:148,0
DA:150,0
DA:151,0
DA:152,0
DA:153,0
LF:47
LH:0
end_of_record
SF:lib/features/diagnosis/presentation/widgets/tips_section.dart
DA:6,0
DA:11,0
DA:13,0
DA:15,0
DA:17,0
DA:18,0
DA:19,0
DA:20,0
DA:26,0
DA:28,0
DA:29,0
DA:30,0
DA:37,0
DA:39,0
DA:41,0
DA:47,0
DA:53,0
DA:54,0
DA:56,0
DA:58,0
DA:59,0
DA:62,0
DA:63,0
DA:65,0
DA:70,0
DA:71,0
DA:72,0
DA:82,0
DA:83,0
DA:85,0
DA:86,0
DA:87,0
DA:88,0
DA:89,0
DA:92,0
DA:94,0
DA:97,0
LF:37
LH:0
end_of_record
SF:lib/features/home/presentation/android/android_home_page.dart
DA:11,0
DA:18,0
DA:20,0
DA:23,0
DA:25,0
DA:27,0
DA:28,0
DA:29,0
DA:30,0
DA:32,0
DA:33,0
DA:34,0
DA:35,0
DA:36,0
DA:39,0
DA:40,0
DA:41,0
DA:43,0
DA:45,0
DA:47,0
DA:52,0
DA:57,0
DA:67,0
DA:68,0
DA:69,0
DA:70,0
DA:76,0
DA:77,0
DA:79,0
DA:82,0
DA:85,0
DA:86,0
DA:93,0
DA:94,0
DA:95,0
DA:97,0
DA:100,0
DA:101,0
DA:102,0
DA:104,0
DA:107,0
DA:114,0
DA:116,0
DA:118,0
DA:126,0
DA:128,0
DA:129,0
DA:136,0
DA:138,0
DA:139,0
DA:148,0
DA:149,0
DA:152,0
DA:153,0
DA:154,0
DA:155,0
DA:156,0
DA:159,0
DA:161,0
DA:162,0
DA:165,0
DA:168,0
DA:170,0
DA:172,0
DA:182,0
DA:183,0
DA:185,0
DA:186,0
DA:187,0
DA:188,0
DA:191,0
DA:193,0
DA:194,0
DA:195,0
DA:198,0
DA:201,0
DA:202,0
DA:204,0
DA:205,0
DA:216,0
DA:217,0
DA:218,0
DA:219,0
DA:220,0
DA:228,0
DA:229,0
DA:230,0
DA:233,0
DA:239,0
DA:240,0
DA:243,0
DA:244,0
DA:250,0
DA:251,0
DA:252,0
LF:95
LH:0
end_of_record
SF:lib/features/makeup/data/models/makeup_recommendation_model.dart
DA:11,0
DA:42,0
DA:44,0
DA:47,0
DA:48,0
DA:50,0
DA:51,0
DA:52,0
DA:54,0
DA:55,0
DA:56,0
DA:57,0
DA:61,0
DA:62,0
DA:64,0
DA:65,0
DA:66,0
DA:71,0
DA:73,0
DA:76,0
DA:80,0
DA:88,0
DA:90,0
DA:91,0
DA:92,0
DA:93,0
DA:94,0
DA:95,0
DA:96,0
DA:100,0
DA:101,0
DA:102,0
DA:103,0
DA:106,0
DA:107,0
DA:108,0
DA:109,0
DA:110,0
DA:111,0
DA:118,0
DA:119,0
DA:120,0
DA:121,0
DA:122,0
DA:123,0
DA:124,0
DA:131,0
DA:132,0
DA:133,0
DA:134,0
DA:135,0
DA:136,0
DA:137,0
DA:145,0
DA:146,0
DA:147,0
DA:149,0
DA:151,0
DA:153,0
DA:156,0
DA:163,0
DA:170,0
DA:171,0
DA:172,0
DA:173,0
DA:174,0
DA:175,0
LF:67
LH:0
end_of_record
SF:lib/features/makeup/data/models/makeup_product_model.dart
DA:8,0
DA:39,0
DA:40,0
DA:41,0
DA:42,0
DA:43,0
DA:44,0
DA:45,0
DA:46,0
DA:47,0
DA:48,0
DA:49,0
DA:64,0
DA:65,0
DA:66,0
DA:67,0
DA:68,0
DA:69,0
DA:70,0
DA:71,0
DA:72,0
DA:73,0
DA:74,0
DA:81,0
DA:82,0
DA:83,0
DA:84,0
DA:85,0
DA:86,0
DA:87,0
DA:88,0
DA:89,0
DA:90,0
DA:91,0
DA:98,0
DA:99,0
DA:100,0
DA:101,0
DA:102,0
DA:103,0
DA:104,0
DA:105,0
DA:106,0
DA:107,0
DA:108,0
DA:115,0
DA:126,0
DA:127,0
DA:128,0
DA:129,0
DA:130,0
DA:131,0
DA:132,0
DA:133,0
DA:134,0
DA:135,0
LF:56
LH:0
end_of_record
SF:lib/firebase_options.dart
DA:18,1
DA:20,0
DA:25,1
DA:26,1
DA:28,0
DA:30,0
DA:31,0
DA:35,0
DA:36,0
DA:40,0
DA:41,0
DA:46,0
LF:12
LH:3
end_of_record
SF:lib/main.dart
DA:14,1
DA:15,1
DA:16,1
DA:19,1
DA:20,1
DA:24,0
DA:26,0
DA:30,7
DA:32,1
DA:34,1
DA:36,1
DA:37,1
DA:38,1
DA:45,6
DA:49,1
DA:52,1
DA:53,0
DA:54,0
DA:55,0
DA:60,1
DA:61,1
DA:62,3
DA:63,2
DA:65,1
DA:66,1
DA:68,1
DA:79,1
DA:80,1
DA:81,2
DA:82,1
DA:83,2
DA:84,0
DA:90,1
LF:33
LH:27
end_of_record
