SF:lib/core/di/injection_container.dart
DA:48,12
DA:50,4
DA:52,8
DA:53,2
DA:58,10
DA:61,8
DA:62,2
DA:66,4
DA:67,9
DA:71,8
DA:72,0
DA:73,0
DA:74,0
DA:75,0
DA:76,0
DA:81,8
DA:82,8
DA:83,8
DA:86,8
DA:87,0
DA:89,8
DA:90,0
DA:94,8
DA:95,0
DA:97,8
DA:98,0
DA:103,8
DA:104,2
DA:105,2
DA:106,2
DA:107,2
DA:108,2
DA:109,2
DA:114,10
DA:115,10
DA:118,12
DA:119,12
DA:120,12
DA:123,8
DA:124,4
DA:128,8
DA:129,4
DA:134,8
DA:135,2
DA:136,2
DA:140,8
DA:141,0
DA:142,0
DA:147,12
DA:148,8
DA:151,8
DA:152,2
DA:153,2
DA:154,2
DA:159,8
DA:160,2
DA:161,2
DA:165,8
DA:166,2
DA:167,2
DA:173,8
DA:174,0
DA:175,0
DA:180,8
DA:183,8
DA:184,0
DA:185,0
DA:190,8
DA:191,0
LF:69
LH:53
end_of_record
SF:lib/features/makeup/presentation/providers/makeup_recommendation_provider.dart
DA:14,1
DA:17,2
DA:18,5
DA:31,0
DA:34,0
DA:37,0
DA:40,0
DA:43,0
DA:46,0
DA:49,0
DA:50,0
DA:51,0
DA:55,0
DA:56,0
DA:57,0
DA:61,0
DA:62,0
DA:63,0
DA:70,0
DA:74,0
DA:75,0
DA:76,0
DA:79,0
DA:80,0
DA:85,0
DA:86,0
DA:87,0
DA:88,0
DA:90,0
DA:91,0
DA:95,0
DA:97,0
DA:98,0
DA:99,0
DA:101,0
DA:102,0
DA:103,0
DA:104,0
DA:105,0
DA:106,0
DA:107,0
DA:108,0
DA:110,0
DA:111,0
DA:112,0
DA:113,0
DA:114,0
DA:115,0
DA:118,0
DA:121,0
DA:122,0
DA:123,0
DA:124,0
DA:126,0
DA:127,0
DA:128,0
DA:135,0
DA:136,0
DA:137,0
DA:144,0
DA:145,0
DA:149,0
DA:150,0
DA:154,0
DA:155,0
DA:156,0
DA:157,0
DA:158,0
DA:159,0
DA:165,0
DA:166,0
DA:167,0
DA:171,0
DA:172,0
DA:173,0
DA:177,0
DA:178,0
DA:179,0
DA:180,0
DA:185,0
DA:186,0
DA:187,0
DA:191,0
DA:193,0
DA:194,0
DA:195,0
DA:196,0
DA:197,0
DA:202,0
DA:205,0
DA:206,0
LF:91
LH:3
end_of_record
SF:lib/core/config/feature_flags.dart
DA:14,3
DA:15,5
DA:18,1
DA:27,1
LF:4
LH:4
end_of_record
SF:lib/core/network/api_client.dart
DA:16,0
DA:22,0
DA:23,0
DA:32,0
DA:36,0
DA:37,0
DA:38,0
DA:41,0
DA:42,0
DA:48,0
DA:52,2
DA:53,4
DA:64,2
DA:65,4
DA:66,2
DA:67,2
DA:68,2
DA:69,2
DA:73,2
DA:74,6
DA:75,2
DA:76,2
DA:77,2
DA:78,2
DA:79,2
DA:81,2
DA:82,2
DA:83,2
DA:84,2
DA:88,0
DA:89,0
DA:95,2
DA:97,6
DA:98,2
DA:99,0
DA:102,0
DA:104,0
DA:105,0
DA:107,0
DA:110,0
DA:112,0
DA:119,6
DA:120,2
DA:126,0
DA:132,6
DA:133,2
DA:134,0
DA:135,0
DA:139,0
DA:140,0
DA:141,0
DA:142,0
DA:146,0
DA:147,0
DA:148,0
DA:153,0
DA:154,0
DA:156,0
DA:157,0
DA:159,0
DA:160,0
DA:161,0
DA:164,0
DA:165,0
DA:168,0
DA:172,0
DA:173,0
DA:176,0
DA:178,0
DA:180,0
DA:182,0
DA:183,0
DA:187,0
DA:189,0
DA:190,0
DA:196,0
DA:203,0
DA:205,0
DA:206,0
DA:207,0
DA:208,0
DA:209,0
DA:210,0
DA:214,0
DA:217,0
DA:218,0
DA:222,0
DA:223,0
DA:224,0
DA:228,0
DA:229,0
DA:230,0
DA:231,0
DA:232,0
DA:233,0
DA:234,0
DA:235,0
DA:236,0
DA:237,0
DA:238,0
DA:239,0
DA:243,0
DA:249,0
DA:253,0
DA:260,0
DA:264,0
DA:269,0
DA:270,0
DA:275,0
DA:283,0
DA:284,0
DA:288,0
DA:293,0
DA:294,0
DA:296,0
DA:297,0
DA:306,0
DA:307,0
DA:308,0
DA:314,0
DA:315,0
DA:320,0
DA:321,0
DA:322,0
DA:323,0
DA:324,0
DA:325,0
DA:326,0
DA:327,0
DA:328,0
DA:329,0
DA:330,0
DA:331,0
DA:332,0
DA:333,0
DA:334,0
DA:335,0
DA:336,0
DA:337,0
DA:342,2
DA:344,4
DA:347,8
DA:349,0
DA:355,2
DA:356,4
DA:358,0
DA:363,0
DA:364,0
DA:365,0
DA:366,0
DA:367,0
DA:369,0
DA:370,0
DA:373,0
DA:374,0
DA:379,0
DA:380,0
DA:381,0
DA:382,0
DA:383,0
DA:385,0
DA:386,0
DA:390,0
DA:391,0
DA:393,0
DA:399,0
DA:400,0
DA:401,0
DA:402,0
DA:404,0
DA:405,0
DA:411,0
DA:413,0
DA:414,0
DA:415,0
DA:417,0
DA:421,0
DA:422,0
DA:423,0
DA:424,0
DA:427,0
DA:428,0
DA:429,0
DA:430,0
DA:435,0
DA:436,0
DA:437,0
DA:441,0
DA:442,0
DA:443,0
DA:444,0
DA:446,0
DA:447,0
DA:450,0
DA:451,0
DA:456,2
DA:457,4
DA:458,4
DA:459,4
DA:460,4
DA:461,4
LF:201
LH:37
end_of_record
SF:lib/features/camera/data/datasources/camera_data_source.dart
DA:25,0
DA:27,0
DA:30,0
DA:31,0
DA:32,0
DA:33,0
DA:34,0
DA:35,0
DA:36,0
DA:37,0
DA:38,0
DA:39,0
DA:40,0
DA:41,0
DA:45,0
DA:47,0
DA:50,0
DA:51,0
DA:52,0
DA:53,0
DA:54,0
DA:55,0
DA:56,0
DA:57,0
DA:58,0
DA:59,0
DA:60,0
DA:61,0
DA:65,0
DA:68,0
DA:69,0
DA:75,0
DA:77,0
DA:80,0
DA:81,0
DA:83,0
DA:84,0
DA:85,0
DA:86,0
DA:88,0
DA:89,0
DA:94,0
DA:95,0
DA:100,0
DA:101,0
DA:103,0
DA:104,0
DA:105,0
DA:108,0
DA:109,0
DA:112,0
DA:113,0
DA:118,0
DA:119,0
DA:120,0
DA:125,0
DA:129,0
DA:135,0
DA:138,0
DA:139,0
DA:143,0
DA:144,0
DA:145,0
DA:149,0
DA:151,0
DA:152,0
DA:155,0
DA:157,0
DA:158,0
DA:162,0
DA:164,0
DA:165,0
DA:168,0
DA:170,0
DA:172,0
DA:174,0
DA:176,0
DA:178,0
DA:179,0
DA:185,0
DA:186,0
LF:81
LH:0
end_of_record
SF:lib/features/camera/data/datasources/image_processing_data_source.dart
DA:19,0
DA:36,0
DA:58,0
DA:63,0
DA:67,0
DA:68,0
DA:69,0
DA:72,0
DA:73,0
DA:78,0
DA:79,0
DA:80,0
DA:81,0
DA:82,0
DA:83,0
DA:85,0
DA:86,0
DA:89,0
DA:90,0
DA:95,0
DA:100,0
DA:106,0
DA:107,0
DA:108,0
DA:111,0
DA:114,0
DA:118,0
DA:124,0
DA:125,0
DA:126,0
DA:128,0
DA:129,0
DA:132,0
DA:136,0
DA:142,0
DA:146,0
DA:152,0
DA:154,0
DA:158,0
DA:159,0
DA:162,0
DA:163,0
DA:166,0
DA:167,0
DA:168,0
DA:170,0
DA:171,0
DA:175,0
DA:185,0
DA:187,0
DA:188,0
DA:189,0
DA:190,0
DA:194,0
DA:195,0
DA:196,0
DA:197,0
DA:202,0
DA:203,0
DA:206,0
DA:207,0
DA:208,0
DA:209,0
DA:213,0
DA:215,0
DA:216,0
DA:222,0
DA:225,0
DA:228,0
DA:236,0
DA:239,0
DA:240,0
DA:243,0
DA:246,0
DA:249,0
DA:250,0
DA:251,0
DA:254,0
DA:258,0
DA:261,0
DA:262,0
DA:264,0
DA:268,0
DA:274,0
DA:277,0
DA:278,0
DA:279,0
DA:280,0
DA:285,0
DA:288,0
DA:289,0
DA:290,0
DA:292,0
DA:296,0
DA:298,0
DA:302,0
DA:303,0
DA:304,0
DA:305,0
DA:306,0
DA:307,0
DA:308,0
DA:311,0
DA:313,0
DA:314,0
DA:320,0
DA:321,0
DA:324,0
DA:329,0
DA:332,0
DA:336,0
DA:337,0
LF:112
LH:0
end_of_record
SF:lib/features/camera/data/repositories/camera_repository_impl.dart
DA:11,0
DA:15,0
DA:18,0
DA:19,0
DA:21,0
DA:25,0
DA:28,0
DA:29,0
DA:31,0
DA:35,0
DA:38,0
DA:39,0
DA:41,0
DA:45,0
DA:48,0
DA:51,0
DA:55,0
DA:58,0
DA:59,0
DA:61,0
DA:65,0
DA:68,0
DA:71,0
DA:75,0
DA:76,0
DA:78,0
DA:79,0
DA:81,0
DA:88,0
DA:92,0
DA:94,0
LF:31
LH:0
end_of_record
SF:lib/features/camera/data/repositories/image_processing_repository_impl.dart
DA:10,0
DA:14,0
DA:20,0
DA:21,0
DA:23,0
DA:27,0
DA:32,0
DA:33,0
DA:35,0
DA:39,0
DA:42,0
DA:43,0
DA:45,0
DA:49,0
DA:55,0
DA:56,0
DA:58,0
DA:62,0
DA:65,0
DA:66,0
DA:68,0
DA:72,0
DA:75,0
DA:78,0
LF:24
LH:0
end_of_record
SF:lib/features/camera/domain/usecases/initialize_camera.dart
DA:8,0
DA:12,0
DA:15,0
DA:16,0
DA:20,0
DA:22,0
DA:26,0
DA:27,0
DA:28,0
DA:31,0
DA:32,0
DA:33,0
DA:35,0
DA:36,0
DA:37,0
DA:40,0
DA:41,0
DA:42,0
DA:45,0
DA:50,0
LF:20
LH:0
end_of_record
SF:lib/features/camera/domain/usecases/take_picture.dart
DA:9,0
DA:13,0
DA:16,0
DA:21,0
DA:26,0
LF:5
LH:0
end_of_record
SF:lib/features/camera/domain/usecases/process_image.dart
DA:11,0
DA:15,0
DA:18,0
DA:23,0
DA:27,0
DA:28,0
DA:29,0
DA:33,0
DA:34,0
DA:35,0
DA:38,0
DA:42,0
DA:45,0
DA:48,0
DA:52,0
DA:57,0
DA:59,0
DA:61,0
DA:68,0
DA:76,0
DA:77,0
LF:21
LH:0
end_of_record
SF:lib/features/camera/presentation/providers/camera_provider.dart
DA:22,2
DA:23,2
DA:25,2
DA:26,3
DA:29,8
DA:30,5
DA:31,1
DA:32,1
DA:33,1
DA:39,2
DA:40,3
DA:57,2
DA:66,4
DA:92,4
DA:93,0
DA:94,4
DA:95,2
DA:96,2
DA:97,0
DA:98,0
DA:101,6
DA:102,6
DA:103,0
DA:104,0
DA:105,0
DA:106,3
DA:107,3
DA:110,2
DA:111,0
DA:114,8
DA:115,0
DA:116,0
DA:119,2
DA:120,2
DA:121,2
DA:122,2
DA:123,2
DA:125,4
DA:127,2
DA:128,0
DA:129,0
DA:130,0
DA:132,2
DA:133,2
DA:134,2
DA:135,10
DA:141,2
DA:142,2
DA:144,2
DA:145,2
DA:146,2
DA:147,2
DA:149,4
DA:151,2
DA:152,0
DA:153,0
DA:154,0
DA:155,0
DA:157,2
DA:158,2
DA:159,2
DA:160,2
DA:161,2
DA:162,8
DA:165,2
DA:171,0
DA:174,0
DA:175,0
DA:179,0
DA:180,0
DA:181,0
DA:182,0
DA:184,0
DA:185,0
DA:186,0
DA:191,0
DA:192,0
DA:193,0
DA:194,0
DA:195,0
DA:197,0
DA:198,0
DA:199,0
DA:200,0
DA:201,0
DA:202,0
DA:205,0
DA:211,2
DA:213,3
DA:214,4
DA:215,4
DA:216,2
DA:217,2
DA:218,4
DA:222,2
DA:223,2
DA:224,4
DA:225,0
DA:230,2
DA:231,2
DA:232,2
DA:233,2
DA:237,1
DA:238,1
DA:239,1
DA:245,2
DA:246,4
DA:247,2
DA:249,5
DA:250,2
DA:251,1
DA:252,1
DA:253,1
DA:255,1
DA:260,0
DA:261,0
DA:262,0
DA:265,2
DA:266,2
DA:270,2
DA:271,4
DA:272,6
DA:275,2
DA:276,6
DA:277,4
DA:282,2
DA:283,4
DA:284,4
DA:288,2
DA:289,3
DA:290,2
DA:295,1
DA:296,2
DA:297,2
DA:301,1
DA:302,1
DA:303,1
DA:304,1
DA:305,3
DA:306,1
LF:140
LH:98
end_of_record
SF:lib/features/diagnosis/data/datasources/diagnosis_remote_data_source.dart
DA:16,1
DA:20,0
DA:25,0
DA:27,0
DA:28,0
DA:33,0
DA:34,0
DA:37,0
DA:39,0
DA:43,0
DA:48,0
DA:50,0
DA:51,0
DA:56,0
DA:57,0
DA:60,0
DA:62,0
DA:66,0
DA:69,0
DA:72,0
DA:73,0
DA:74,0
DA:80,0
DA:83,0
DA:85,0
DA:87,0
DA:88,0
DA:89,0
DA:90,0
DA:93,0
DA:95,0
DA:96,0
DA:97,0
LF:33
LH:1
end_of_record
SF:lib/features/diagnosis/data/repositories/diagnosis_repository_impl.dart
DA:11,1
DA:15,0
DA:21,0
DA:24,0
DA:26,0
DA:27,0
DA:29,0
DA:30,0
DA:31,0
DA:32,0
DA:34,0
DA:37,0
DA:41,0
DA:47,0
DA:50,0
DA:52,0
DA:53,0
DA:55,0
DA:56,0
DA:57,0
DA:58,0
DA:60,0
DA:63,0
DA:67,0
DA:70,0
DA:71,0
DA:73,0
DA:77,0
DA:80,0
DA:81,0
DA:83,0
LF:31
LH:1
end_of_record
SF:lib/features/diagnosis/domain/usecases/diagnose_personal_color.dart
DA:11,4
DA:15,3
DA:20,6
DA:25,6
DA:30,3
DA:31,3
DA:32,3
DA:33,3
DA:36,6
DA:38,3
DA:39,2
DA:40,3
DA:42,3
DA:46,3
DA:52,3
DA:54,6
DA:57,3
DA:58,3
DA:62,3
DA:64,12
DA:69,12
DA:79,3
DA:87,0
DA:88,0
LF:24
LH:22
end_of_record
SF:lib/features/diagnosis/domain/usecases/diagnose_personal_color_enhanced.dart
DA:11,4
DA:15,3
DA:19,6
DA:20,3
DA:27,3
DA:38,0
DA:39,0
DA:42,0
DA:46,0
DA:47,0
DA:48,0
LF:11
LH:5
end_of_record
SF:lib/features/diagnosis/domain/usecases/check_api_health.dart
DA:8,4
DA:12,3
DA:14,6
LF:3
LH:3
end_of_record
SF:lib/features/diagnosis/presentation/providers/diagnosis_provider.dart
DA:24,3
DA:50,4
DA:51,4
DA:52,4
DA:53,6
DA:54,0
DA:55,0
DA:56,0
DA:57,0
DA:58,0
DA:59,6
DA:60,2
DA:61,4
DA:62,2
DA:66,2
DA:67,2
DA:68,2
DA:72,2
DA:74,6
DA:75,2
DA:77,0
DA:78,0
DA:79,0
DA:84,2
DA:86,4
DA:87,2
DA:90,2
DA:91,1
DA:94,2
DA:96,0
DA:101,2
DA:102,4
DA:104,2
DA:105,0
DA:106,0
DA:107,0
DA:109,2
DA:110,2
DA:114,2
DA:118,2
DA:119,2
DA:120,0
DA:124,2
DA:125,2
DA:128,2
DA:129,0
DA:132,2
DA:134,4
DA:135,4
DA:139,2
DA:140,2
DA:142,2
DA:147,2
DA:148,2
DA:149,2
DA:153,4
DA:155,2
DA:156,2
DA:158,2
DA:160,2
DA:161,2
DA:162,2
DA:163,2
DA:169,2
DA:170,2
DA:175,4
DA:177,2
DA:178,0
DA:180,0
DA:182,2
DA:183,2
DA:184,2
DA:185,2
DA:191,2
DA:192,4
DA:193,6
DA:194,2
DA:195,2
DA:199,3
DA:200,2
DA:201,2
DA:202,2
DA:203,2
DA:205,2
DA:211,1
DA:212,1
DA:213,1
DA:214,1
DA:215,1
DA:219,0
DA:220,0
DA:221,0
DA:222,0
DA:227,2
DA:228,2
DA:229,2
DA:232,2
DA:233,2
DA:234,2
DA:237,2
DA:238,2
LF:101
LH:81
end_of_record
SF:lib/features/diagnosis/presentation/services/content_adaptation_service.dart
DA:12,3
DA:16,3
DA:18,3
DA:19,3
DA:22,3
DA:23,6
DA:24,6
DA:25,3
DA:26,3
DA:29,3
DA:30,3
DA:35,3
DA:36,3
DA:37,3
DA:38,3
DA:39,3
DA:46,3
DA:52,3
DA:54,3
DA:60,3
DA:61,3
DA:63,3
DA:64,3
DA:66,3
DA:67,3
DA:69,2
DA:70,2
DA:72,2
DA:73,2
DA:81,3
DA:87,5
DA:88,2
DA:89,4
DA:91,3
DA:95,2
DA:96,2
DA:98,2
DA:99,2
DA:100,2
DA:101,2
DA:102,0
DA:103,2
DA:104,2
DA:105,0
DA:106,0
DA:107,0
DA:108,0
DA:113,3
DA:117,3
DA:118,6
DA:119,5
DA:120,3
DA:126,3
DA:127,3
DA:128,3
DA:135,3
DA:142,3
DA:149,2
DA:156,2
DA:169,3
DA:186,3
DA:193,4
DA:204,9
DA:205,4
DA:206,4
DA:211,4
DA:218,4
LF:67
LH:62
end_of_record
SF:lib/features/settings/data/services/privacy_settings_service.dart
DA:10,2
DA:11,2
DA:12,4
DA:13,2
DA:17,2
DA:19,2
DA:20,2
DA:26,1
DA:27,1
DA:35,0
DA:36,0
DA:37,0
DA:41,0
DA:42,0
DA:43,0
DA:44,0
DA:48,0
DA:49,0
DA:50,0
DA:51,0
DA:55,0
DA:56,0
DA:57,0
DA:58,0
DA:62,0
LF:25
LH:9
end_of_record
SF:lib/features/makeup/data/datasources/makeup_local_data_source.dart
DA:52,1
DA:62,0
DA:68,0
DA:69,0
DA:72,0
DA:73,0
DA:76,0
DA:80,0
DA:81,0
DA:83,0
DA:85,0
DA:89,0
DA:90,0
DA:92,0
DA:96,0
DA:103,0
DA:104,0
DA:107,0
DA:108,0
DA:111,0
DA:112,0
DA:113,0
DA:116,0
DA:120,0
DA:123,0
DA:124,0
DA:126,0
DA:127,0
DA:128,0
DA:131,0
DA:135,0
DA:139,0
DA:140,0
DA:142,0
DA:146,0
DA:149,0
DA:150,0
DA:153,0
DA:154,0
DA:161,0
DA:166,0
DA:167,0
DA:169,0
DA:176,0
DA:179,0
DA:180,0
DA:186,0
DA:193,0
DA:194,0
DA:198,0
DA:199,0
LF:51
LH:1
end_of_record
SF:lib/features/makeup/data/datasources/makeup_remote_data_source.dart
DA:39,1
DA:45,0
DA:49,0
DA:53,0
DA:56,0
DA:59,0
DA:60,0
DA:61,0
DA:64,0
DA:66,0
DA:67,0
DA:75,0
DA:76,0
DA:79,0
DA:81,0
DA:84,0
DA:85,0
DA:86,0
DA:87,0
DA:88,0
DA:89,0
DA:90,0
DA:91,0
DA:92,0
DA:96,0
DA:99,0
DA:100,0
DA:101,0
DA:102,0
DA:103,0
DA:104,0
DA:105,0
DA:109,0
DA:110,0
DA:113,0
DA:114,0
DA:116,0
DA:120,0
DA:121,0
DA:122,0
DA:123,0
DA:126,0
DA:129,0
DA:130,0
DA:133,0
DA:138,0
DA:140,0
DA:142,0
DA:143,0
DA:144,0
DA:149,0
DA:155,0
DA:156,0
DA:157,0
DA:158,0
DA:159,0
DA:160,0
DA:162,0
DA:163,0
DA:165,0
DA:166,0
DA:167,0
DA:168,0
DA:169,0
DA:170,0
DA:171,0
DA:172,0
DA:173,0
DA:174,0
DA:176,0
DA:179,0
DA:180,0
DA:182,0
DA:183,0
DA:185,0
DA:186,0
DA:188,0
DA:189,0
DA:193,0
DA:198,0
DA:202,0
DA:205,0
DA:208,0
DA:209,0
DA:212,0
DA:213,0
DA:214,0
DA:218,0
DA:219,0
DA:220,0
DA:221,0
DA:222,0
DA:225,0
DA:226,0
DA:227,0
DA:231,0
DA:237,0
DA:240,0
DA:241,0
DA:250,0
DA:251,0
DA:254,0
DA:256,0
DA:259,0
DA:260,0
DA:261,0
DA:262,0
DA:264,0
DA:265,0
DA:266,0
DA:267,0
DA:270,0
DA:271,0
DA:272,0
DA:275,0
DA:278,0
DA:279,0
DA:280,0
DA:281,0
DA:282,0
DA:283,0
DA:284,0
DA:285,0
DA:289,0
DA:290,0
DA:293,0
DA:294,0
DA:296,0
DA:300,0
DA:301,0
DA:302,0
DA:303,0
DA:306,0
DA:309,0
DA:310,0
DA:313,0
DA:318,0
DA:319,0
DA:320,0
DA:321,0
DA:327,0
DA:328,0
DA:329,0
DA:330,0
DA:331,0
DA:332,0
DA:334,0
DA:335,0
DA:337,0
DA:339,0
DA:341,0
DA:342,0
DA:343,0
DA:344,0
DA:345,0
DA:346,0
DA:348,0
DA:351,0
DA:353,0
DA:354,0
DA:355,0
DA:356,0
DA:357,0
DA:358,0
DA:359,0
DA:360,0
DA:362,0
DA:365,0
DA:366,0
DA:368,0
DA:369,0
DA:371,0
DA:372,0
DA:374,0
DA:375,0
LF:175
LH:1
end_of_record
SF:lib/features/makeup/data/repositories/makeup_repository_impl.dart
DA:17,2
DA:25,1
DA:34,2
DA:39,0
DA:48,0
DA:56,2
DA:62,2
DA:72,2
DA:74,1
DA:76,0
DA:79,3
DA:83,0
DA:86,0
DA:93,0
DA:96,0
DA:102,0
DA:105,0
DA:111,1
DA:118,1
DA:122,1
DA:123,3
DA:128,2
DA:136,1
DA:139,1
DA:140,2
DA:151,2
DA:153,1
DA:155,0
DA:158,3
DA:165,0
DA:166,0
DA:167,0
DA:168,0
DA:169,0
DA:172,0
DA:173,0
DA:175,0
DA:177,0
DA:179,0
DA:181,0
DA:183,0
DA:186,0
DA:190,0
DA:192,0
DA:194,0
DA:195,0
DA:196,0
DA:199,0
DA:202,0
DA:205,0
DA:208,0
DA:211,0
DA:212,0
DA:220,0
DA:221,0
DA:222,0
DA:223,0
DA:224,0
DA:227,0
DA:228,0
DA:230,0
DA:232,0
DA:234,0
DA:236,0
DA:237,0
DA:238,0
DA:241,0
DA:244,0
DA:247,0
DA:250,0
DA:253,0
DA:254,0
LF:72
LH:19
end_of_record
SF:lib/features/makeup/domain/usecases/get_makeup_recommendations.dart
DA:17,2
DA:21,1
DA:27,2
DA:28,1
DA:29,1
DA:32,1
DA:34,2
DA:36,1
DA:37,2
DA:38,4
DA:39,4
DA:42,1
DA:43,2
DA:44,1
DA:45,1
DA:46,5
DA:47,1
DA:48,5
DA:50,1
DA:51,7
DA:56,1
DA:57,2
DA:62,2
DA:64,1
DA:73,2
DA:74,1
DA:75,1
DA:76,1
DA:77,1
DA:83,1
DA:86,3
DA:90,2
DA:94,1
DA:95,0
DA:97,3
DA:100,2
DA:101,1
DA:106,3
DA:113,0
DA:124,1
DA:125,3
DA:127,1
DA:129,1
DA:130,1
DA:131,1
LF:45
LH:43
end_of_record
SF:lib/features/makeup/domain/usecases/get_ai_makeup_recommendations.dart
DA:18,1
DA:22,1
DA:28,1
DA:30,0
DA:33,2
DA:34,4
DA:35,5
DA:38,2
DA:39,1
DA:40,1
DA:43,1
DA:45,1
DA:46,4
DA:47,1
DA:50,1
DA:51,2
DA:52,1
DA:56,3
DA:57,3
DA:62,1
DA:72,1
DA:75,2
DA:78,1
DA:79,2
DA:84,1
DA:93,2
DA:94,1
DA:95,1
DA:96,1
DA:97,1
DA:103,1
DA:106,3
DA:110,2
DA:115,1
DA:116,3
DA:119,4
DA:120,4
DA:123,2
DA:124,3
DA:126,1
DA:132,2
DA:143,1
DA:144,4
DA:146,1
DA:148,1
DA:149,1
DA:150,2
LF:47
LH:46
end_of_record
SF:lib/features/makeup/presentation/providers/ai_makeup_recommendation_provider.dart
DA:13,1
DA:21,2
DA:25,2
DA:29,2
DA:32,2
DA:35,2
DA:38,3
DA:42,2
DA:48,1
DA:53,2
DA:54,3
DA:55,4
DA:57,1
DA:58,1
DA:59,1
DA:61,1
DA:63,1
DA:64,1
DA:66,1
DA:71,2
DA:73,1
DA:74,1
DA:75,4
DA:76,2
DA:77,1
DA:79,1
DA:80,2
DA:81,4
DA:82,4
DA:84,1
DA:85,1
DA:88,1
DA:89,2
DA:90,1
DA:95,0
DA:96,0
DA:97,0
DA:99,1
DA:104,0
DA:105,0
DA:109,0
DA:110,0
DA:111,0
DA:112,0
DA:113,0
DA:114,0
DA:118,1
DA:119,2
DA:120,1
DA:121,3
DA:122,1
DA:123,1
DA:130,0
DA:132,0
DA:133,0
DA:137,1
DA:138,1
DA:139,3
DA:140,1
DA:141,1
DA:146,1
DA:147,1
DA:148,0
DA:149,0
DA:150,0
DA:151,0
DA:157,1
DA:158,2
DA:159,1
DA:160,3
DA:161,1
DA:162,1
DA:168,1
DA:169,1
DA:170,1
DA:172,1
DA:174,1
DA:176,1
DA:179,3
LF:79
LH:61
end_of_record
SF:lib/features/clothing/data/datasources/clothing_remote_data_source.dart
DA:39,0
DA:45,0
DA:49,0
DA:53,0
DA:56,0
DA:59,0
DA:60,0
DA:61,0
DA:64,0
DA:66,0
DA:67,0
DA:73,0
DA:77,0
DA:78,0
DA:81,0
DA:83,0
DA:84,0
DA:87,0
DA:88,0
DA:89,0
DA:90,0
DA:91,0
DA:92,0
DA:93,0
DA:94,0
DA:97,0
DA:98,0
DA:99,0
DA:100,0
DA:101,0
DA:104,0
DA:107,0
DA:108,0
DA:109,0
DA:110,0
DA:113,0
DA:116,0
DA:117,0
DA:118,0
DA:119,0
DA:120,0
DA:122,0
DA:123,0
DA:124,0
DA:128,0
DA:129,0
DA:130,0
DA:131,0
DA:132,0
DA:133,0
DA:134,0
DA:135,0
DA:137,0
DA:138,0
DA:139,0
DA:140,0
DA:141,0
DA:147,0
DA:148,0
DA:149,0
DA:151,0
DA:155,0
DA:161,0
DA:162,0
DA:164,0
DA:165,0
DA:168,0
DA:169,0
DA:170,0
DA:173,0
DA:175,0
DA:178,0
DA:180,0
DA:181,0
DA:183,0
DA:185,0
DA:186,0
DA:192,0
DA:193,0
DA:195,0
DA:196,0
DA:197,0
DA:198,0
DA:200,0
DA:202,0
DA:206,0
DA:207,0
DA:210,0
DA:214,0
DA:215,0
DA:217,0
DA:219,0
DA:220,0
DA:226,0
DA:227,0
DA:230,0
DA:231,0
DA:232,0
LF:98
LH:0
end_of_record
SF:lib/features/clothing/data/repositories/clothing_repository_impl.dart
DA:15,1
DA:21,1
DA:28,1
DA:29,1
DA:32,1
DA:34,1
DA:35,1
DA:36,0
DA:37,1
DA:38,0
DA:39,1
DA:40,0
DA:41,1
DA:42,0
DA:45,2
DA:46,2
DA:50,0
DA:56,0
DA:62,0
DA:68,0
DA:75,0
DA:77,0
DA:78,0
DA:79,0
DA:80,0
DA:81,0
DA:85,0
DA:89,0
DA:94,0
DA:96,0
DA:97,0
DA:98,0
DA:99,0
DA:100,0
DA:101,0
DA:102,0
DA:103,0
DA:104,0
DA:106,0
DA:110,0
DA:120,0
DA:125,0
DA:130,0
DA:135,0
LF:44
LH:12
end_of_record
SF:lib/features/clothing/domain/usecases/get_clothing_recommendations.dart
DA:15,2
DA:19,2
DA:25,4
DA:26,2
DA:27,2
DA:30,2
DA:32,4
DA:34,2
DA:36,2
DA:41,2
DA:46,4
DA:50,2
DA:55,3
DA:62,2
DA:77,2
DA:78,8
DA:80,3
DA:82,3
DA:83,3
DA:84,3
DA:85,3
DA:89,0
DA:94,0
DA:95,0
DA:96,0
DA:97,0
DA:102,0
DA:105,0
DA:113,0
DA:116,0
LF:30
LH:21
end_of_record
SF:lib/features/clothing/presentation/providers/clothing_recommendation_provider.dart
DA:14,2
DA:28,4
DA:31,4
DA:34,4
DA:37,4
DA:40,4
DA:43,4
DA:46,2
DA:47,3
DA:48,6
DA:52,2
DA:53,2
DA:54,6
DA:58,1
DA:59,2
DA:60,2
DA:67,2
DA:71,4
DA:72,6
DA:73,6
DA:76,2
DA:77,4
DA:82,4
DA:83,2
DA:84,2
DA:85,4
DA:87,4
DA:88,2
DA:92,6
DA:94,4
DA:95,4
DA:96,4
DA:98,4
DA:99,2
DA:100,2
DA:101,6
DA:102,2
DA:103,6
DA:104,2
DA:105,2
DA:107,2
DA:108,4
DA:109,4
DA:110,8
DA:111,8
DA:112,8
DA:113,2
DA:114,2
DA:115,6
DA:118,4
DA:120,3
DA:121,2
DA:122,1
DA:124,4
DA:125,2
DA:126,4
DA:133,2
DA:134,4
DA:135,2
DA:142,2
DA:143,2
DA:147,1
DA:148,1
DA:152,2
DA:153,2
DA:154,2
DA:155,2
DA:156,2
DA:157,2
DA:163,2
DA:164,2
DA:165,2
DA:169,2
DA:170,2
DA:171,2
DA:175,2
DA:176,2
DA:177,2
DA:178,2
DA:183,2
DA:184,2
DA:185,2
DA:189,2
DA:191,2
DA:192,2
DA:193,2
DA:194,1
DA:195,0
DA:200,2
DA:203,2
DA:204,2
LF:91
LH:90
end_of_record
SF:lib/core/error/failures.dart
DA:5,9
DA:16,0
DA:17,0
DA:22,4
DA:31,0
DA:33,0
DA:34,0
DA:36,0
DA:38,0
DA:40,0
DA:42,0
DA:44,0
DA:45,0
DA:46,0
DA:47,0
DA:54,0
DA:55,0
DA:57,1
DA:58,3
DA:63,4
DA:68,0
DA:71,0
DA:72,0
DA:74,1
DA:75,2
DA:80,0
DA:85,0
DA:88,0
DA:89,0
DA:91,0
DA:92,0
DA:97,0
DA:102,0
DA:104,0
DA:106,0
DA:113,0
DA:114,0
DA:116,0
DA:117,0
DA:122,4
DA:127,0
DA:130,0
DA:131,0
DA:133,0
DA:134,0
DA:139,0
DA:144,0
DA:147,0
DA:148,0
DA:150,0
DA:151,0
DA:156,8
DA:161,0
DA:164,0
DA:165,0
DA:167,0
DA:168,0
DA:173,0
DA:178,0
DA:181,0
DA:182,0
DA:184,0
DA:185,0
DA:190,0
DA:195,0
DA:198,0
DA:199,0
DA:201,0
DA:202,0
DA:207,5
DA:212,0
DA:215,0
DA:216,0
DA:218,2
DA:219,4
DA:224,4
DA:229,0
DA:232,0
DA:233,0
DA:235,1
DA:236,2
DA:241,4
DA:246,0
DA:249,0
DA:250,0
DA:252,0
DA:253,0
DA:258,0
DA:263,0
DA:266,0
DA:267,0
DA:269,0
DA:270,0
DA:275,0
DA:280,0
DA:283,0
DA:284,0
DA:286,0
DA:287,0
LF:99
LH:16
end_of_record
SF:lib/core/network/api_config.dart
DA:29,2
DA:35,0
DA:36,0
LF:3
LH:1
end_of_record
SF:lib/core/network/ssl_pinning.dart
DA:16,2
DA:17,2
DA:18,0
DA:19,0
DA:21,0
DA:23,0
DA:24,0
DA:29,0
DA:31,0
DA:37,0
DA:38,0
DA:44,2
DA:48,0
DA:51,0
DA:52,0
DA:57,0
DA:58,0
DA:63,0
DA:64,0
DA:65,0
DA:71,0
DA:72,0
DA:73,0
DA:78,0
DA:81,0
DA:87,0
DA:88,0
DA:91,0
DA:93,0
DA:94,0
DA:105,0
DA:106,0
DA:107,0
DA:110,0
DA:111,0
DA:115,0
DA:117,0
DA:118,0
DA:119,0
DA:123,2
DA:125,2
DA:128,4
DA:129,0
DA:134,4
DA:135,4
DA:136,0
DA:140,6
DA:143,0
DA:149,2
DA:150,2
LF:50
LH:11
end_of_record
SF:lib/core/services/firebase_app_check_service.dart
DA:7,0
DA:8,0
DA:18,0
DA:20,0
DA:23,0
DA:29,0
DA:30,0
LF:7
LH:0
end_of_record
SF:lib/core/usecases/usecase.dart
DA:12,4
DA:14,0
DA:15,0
LF:3
LH:1
end_of_record
SF:lib/features/camera/data/models/camera_image_model.dart
DA:5,0
DA:15,0
DA:16,0
DA:17,0
DA:18,0
DA:19,0
DA:20,0
DA:21,0
DA:22,0
DA:27,0
DA:28,0
DA:29,0
DA:30,0
DA:31,0
DA:32,0
DA:33,0
DA:34,0
DA:39,0
DA:40,0
DA:41,0
DA:42,0
DA:43,0
DA:44,0
DA:45,0
DA:46,0
DA:51,0
DA:57,0
DA:58,0
DA:60,0
LF:29
LH:0
end_of_record
SF:lib/features/camera/domain/entities/camera_permission.dart
DA:5,4
DA:21,0
DA:24,0
DA:26,0
DA:27,0
DA:28,0
DA:29,0
DA:30,0
DA:34,0
DA:42,0
DA:50,0
LF:11
LH:1
end_of_record
SF:lib/features/camera/data/models/processed_image_model.dart
DA:5,0
DA:16,0
DA:17,0
DA:18,0
DA:19,0
DA:20,0
DA:21,0
DA:22,0
DA:23,0
DA:24,0
DA:29,0
DA:38,0
DA:50,0
DA:51,0
DA:52,0
DA:53,0
DA:54,0
DA:55,0
DA:56,0
DA:57,0
DA:58,0
DA:63,0
DA:64,0
DA:65,0
DA:66,0
DA:67,0
DA:68,0
DA:69,0
DA:70,0
DA:71,0
LF:30
LH:0
end_of_record
SF:lib/features/camera/domain/entities/image_processing_config.dart
DA:5,4
DA:28,0
DA:29,0
DA:30,0
DA:31,0
DA:32,0
DA:33,0
DA:34,0
DA:64,0
DA:66,0
DA:68,0
DA:70,0
DA:75,0
DA:77,0
DA:79,0
DA:81,0
LF:16
LH:1
end_of_record
SF:lib/features/camera/domain/entities/camera_image.dart
DA:5,2
DA:32,0
DA:33,0
DA:34,0
DA:35,0
DA:36,0
DA:37,0
DA:38,0
DA:39,0
DA:43,0
DA:51,0
DA:52,0
DA:53,0
DA:54,0
DA:55,0
DA:56,0
DA:57,0
LF:17
LH:1
end_of_record
SF:lib/features/camera/domain/entities/processed_image.dart
DA:5,0
DA:37,0
DA:40,0
DA:43,0
DA:45,0
DA:46,0
DA:47,0
DA:48,0
DA:49,0
DA:50,0
DA:51,0
DA:52,0
DA:53,0
LF:13
LH:0
end_of_record
SF:lib/features/diagnosis/domain/entities/diagnosis_result.dart
DA:6,7
DA:45,0
DA:46,0
DA:47,0
DA:48,0
DA:49,0
DA:50,0
DA:51,0
DA:52,0
DA:53,0
DA:54,0
DA:55,0
DA:59,3
DA:62,0
DA:65,3
DA:68,2
DA:71,4
DA:83,3
DA:85,3
DA:87,1
DA:89,1
DA:91,1
DA:96,2
DA:98,2
DA:100,1
DA:102,1
DA:104,1
DA:109,1
DA:111,1
DA:113,1
DA:115,1
DA:117,1
DA:122,1
DA:124,1
DA:126,1
DA:128,1
DA:130,1
DA:133,0
DA:135,0
DA:137,0
DA:139,0
DA:142,0
DA:149,2
DA:164,0
DA:165,0
DA:168,2
DA:173,2
DA:174,2
DA:175,0
DA:176,2
DA:181,0
DA:182,0
DA:183,0
DA:184,0
DA:185,0
DA:190,0
DA:191,0
DA:192,0
DA:193,0
DA:194,0
LF:60
LH:30
end_of_record
SF:lib/features/clothing/data/models/clothing_recommendation_model.dart
DA:11,1
DA:42,0
DA:44,0
DA:47,0
DA:48,0
DA:50,0
DA:51,0
DA:52,0
DA:54,0
DA:55,0
DA:56,0
DA:57,0
DA:61,0
DA:62,0
DA:64,0
DA:65,0
DA:66,0
DA:71,0
DA:72,0
DA:75,0
DA:79,0
DA:93,0
DA:94,0
DA:95,0
DA:96,0
DA:97,0
DA:98,0
DA:99,0
DA:100,0
DA:103,0
DA:104,0
DA:105,0
DA:108,0
DA:109,0
DA:112,0
DA:113,0
DA:122,0
DA:123,0
DA:124,0
DA:125,0
DA:126,0
DA:127,0
DA:128,0
DA:135,1
DA:136,1
DA:137,1
DA:138,1
DA:139,1
DA:140,1
DA:141,1
DA:146,0
DA:148,0
DA:149,0
DA:150,0
DA:151,0
DA:152,0
DA:153,0
DA:157,0
DA:158,0
DA:159,0
DA:160,0
DA:161,0
DA:162,0
DA:163,0
DA:167,0
DA:171,0
DA:172,0
DA:173,0
DA:174,0
DA:183,0
DA:184,0
DA:185,0
DA:186,0
DA:187,0
DA:189,0
DA:195,0
DA:196,0
DA:197,0
DA:198,0
DA:199,0
DA:200,0
DA:202,0
DA:203,0
DA:205,0
DA:206,0
DA:209,0
DA:210,0
DA:212,0
DA:213,0
DA:215,0
DA:216,0
DA:223,0
DA:224,0
DA:225,0
DA:227,0
DA:229,0
DA:231,0
DA:234,0
LF:98
LH:8
end_of_record
SF:lib/features/clothing/data/models/clothing_product_model.dart
DA:8,0
DA:39,0
DA:40,0
DA:41,0
DA:42,0
DA:43,0
DA:44,0
DA:45,0
DA:46,0
DA:47,0
DA:48,0
DA:49,0
DA:63,0
DA:64,0
DA:65,0
DA:66,0
DA:67,0
DA:68,0
DA:69,0
DA:70,0
DA:71,0
DA:72,0
DA:73,0
DA:82,0
DA:83,0
DA:84,0
DA:85,0
DA:86,0
DA:87,0
DA:88,0
DA:89,0
DA:90,0
DA:91,0
DA:92,0
DA:99,0
DA:100,0
DA:101,0
DA:102,0
DA:103,0
DA:104,0
DA:105,0
DA:106,0
DA:107,0
DA:108,0
DA:109,0
DA:114,0
DA:116,0
DA:117,0
DA:118,0
DA:119,0
DA:120,0
DA:121,0
DA:122,0
DA:126,0
DA:137,0
DA:138,0
DA:139,0
DA:140,0
DA:141,0
DA:142,0
DA:143,0
DA:144,0
DA:145,0
DA:146,0
DA:151,0
DA:152,0
DA:153,0
DA:154,0
DA:155,0
DA:156,0
DA:157,0
DA:158,0
DA:159,0
DA:163,0
DA:165,0
DA:166,0
DA:167,0
DA:168,0
DA:169,0
DA:170,0
DA:171,0
DA:172,0
LF:82
LH:0
end_of_record
SF:lib/features/clothing/domain/entities/clothing_product.dart
DA:5,0
DA:44,2
DA:45,2
DA:46,2
DA:47,2
DA:48,2
DA:49,2
DA:50,2
DA:51,2
DA:52,2
DA:53,2
DA:54,2
DA:58,0
DA:61,0
DA:64,0
DA:65,0
DA:66,0
DA:67,0
DA:70,0
DA:73,0
DA:76,0
DA:87,0
DA:89,0
DA:91,0
DA:93,0
DA:98,0
DA:100,0
DA:102,0
DA:104,0
DA:109,0
DA:111,0
DA:113,0
DA:115,0
DA:120,0
DA:122,0
DA:124,0
DA:126,0
DA:129,0
DA:134,4
DA:136,4
DA:138,4
DA:140,4
DA:146,0
DA:148,0
DA:150,0
DA:152,0
LF:46
LH:15
end_of_record
SF:lib/features/clothing/domain/entities/clothing_recommendation.dart
DA:7,4
DA:30,1
DA:31,1
DA:32,1
DA:33,1
DA:34,1
DA:35,1
DA:36,1
DA:40,4
DA:41,11
DA:45,4
DA:46,8
DA:50,4
DA:51,24
DA:55,4
DA:56,32
DA:57,20
DA:62,1
DA:63,5
DA:64,1
DA:66,4
DA:67,2
DA:71,2
DA:72,10
DA:73,2
DA:75,10
DA:79,2
DA:80,10
DA:81,2
DA:83,10
DA:87,0
DA:88,0
DA:89,0
DA:93,0
DA:94,0
DA:95,0
DA:99,0
DA:100,0
DA:101,0
DA:105,0
DA:106,0
DA:108,0
DA:109,0
DA:110,0
DA:111,0
DA:112,0
DA:114,0
DA:125,0
DA:128,9
DA:131,3
DA:138,6
DA:139,6
DA:140,6
DA:144,0
DA:145,0
DA:146,0
DA:147,0
DA:152,2
DA:153,2
DA:155,4
DA:156,4
DA:157,12
DA:161,8
DA:162,4
DA:164,2
LF:65
LH:43
end_of_record
SF:lib/features/diagnosis/data/models/diagnosis_request_model.dart
DA:5,0
DA:13,0
DA:14,0
DA:15,0
DA:16,0
DA:17,0
DA:18,0
DA:23,0
DA:24,0
DA:25,0
DA:26,0
DA:27,0
DA:28,0
DA:30,0
DA:35,0
DA:37,0
DA:38,0
DA:39,0
DA:40,0
DA:41,0
DA:46,0
DA:47,0
DA:48,0
DA:49,0
LF:24
LH:0
end_of_record
SF:lib/features/diagnosis/data/models/diagnosis_result_model.dart
DA:7,0
DA:20,0
DA:21,0
DA:22,0
DA:23,0
DA:24,0
DA:25,0
DA:26,0
DA:27,0
DA:28,0
DA:29,0
DA:30,0
DA:35,0
DA:37,0
DA:41,0
DA:43,0
DA:46,0
DA:47,0
DA:48,0
DA:50,0
DA:51,0
DA:52,0
DA:53,0
DA:56,0
DA:57,0
DA:60,0
DA:61,0
DA:66,0
DA:70,0
DA:71,0
DA:75,0
DA:79,0
DA:80,0
DA:84,0
DA:85,0
DA:86,0
DA:87,0
DA:88,0
DA:89,0
DA:90,0
DA:91,0
DA:92,0
DA:93,0
DA:94,0
DA:95,0
DA:96,0
DA:97,0
DA:98,0
DA:103,0
DA:104,0
LF:50
LH:0
end_of_record
SF:lib/features/diagnosis/domain/entities/diagnosis_request.dart
DA:5,4
DA:24,0
DA:25,0
DA:26,0
DA:27,0
DA:28,0
DA:29,0
DA:33,0
DA:34,0
DA:35,0
DA:36,0
DA:37,0
DA:38,0
DA:43,3
DA:44,3
DA:45,3
DA:46,9
DA:47,3
DA:48,3
LF:19
LH:7
end_of_record
SF:lib/features/diagnosis/domain/entities/person_analysis.dart
DA:7,6
DA:22,2
DA:23,8
DA:26,6
DA:29,10
DA:32,6
DA:35,2
DA:36,2
DA:37,2
DA:38,8
DA:39,1
DA:41,2
DA:42,8
DA:43,1
DA:45,2
DA:50,2
DA:51,2
DA:52,4
DA:53,4
DA:54,2
DA:59,2
DA:64,2
DA:65,1
DA:66,2
DA:67,1
LF:25
LH:25
end_of_record
SF:lib/features/diagnosis/data/models/person_analysis_model.dart
DA:7,0
DA:14,0
DA:15,0
DA:16,0
DA:17,0
DA:18,0
DA:23,0
DA:24,0
DA:25,0
DA:26,0
DA:27,0
DA:32,0
DA:33,0
DA:34,0
DA:35,0
DA:36,0
DA:41,0
DA:43,0
DA:44,0
DA:45,0
DA:46,0
DA:47,0
DA:48,0
DA:49,0
LF:24
LH:0
end_of_record
SF:lib/features/diagnosis/domain/entities/age_group.dart
DA:12,2
DA:14,2
DA:16,2
DA:18,2
DA:20,2
DA:22,2
DA:28,4
DA:30,4
DA:32,4
DA:34,3
DA:36,3
DA:38,3
DA:44,2
DA:46,2
DA:48,2
DA:50,2
DA:52,2
DA:54,2
DA:57,4
LF:19
LH:19
end_of_record
SF:lib/features/diagnosis/domain/entities/gender.dart
DA:10,2
DA:12,2
DA:14,2
DA:16,2
DA:22,4
DA:24,4
DA:26,4
DA:28,4
DA:34,2
DA:36,2
DA:38,2
DA:40,2
DA:43,4
LF:13
LH:13
end_of_record
SF:lib/features/settings/domain/entities/privacy_settings.dart
DA:5,5
DA:20,0
DA:21,0
DA:24,0
DA:27,0
DA:30,0
DA:35,0
DA:36,0
DA:37,0
DA:38,0
DA:43,1
DA:44,1
DA:45,1
DA:46,1
DA:47,1
DA:52,2
DA:53,2
DA:54,2
DA:55,2
DA:56,2
LF:20
LH:11
end_of_record
SF:lib/features/makeup/data/models/makeup_recommendation_model.dart
DA:13,1
DA:47,0
DA:49,0
DA:52,0
DA:53,0
DA:55,0
DA:56,0
DA:57,0
DA:59,0
DA:60,0
DA:61,0
DA:62,0
DA:66,0
DA:67,0
DA:68,0
DA:70,0
DA:72,0
DA:74,0
DA:75,0
DA:76,0
DA:77,0
DA:79,0
DA:83,0
DA:84,0
DA:88,0
DA:90,0
DA:93,0
DA:97,0
DA:105,0
DA:107,0
DA:108,0
DA:109,0
DA:110,0
DA:111,0
DA:112,0
DA:113,0
DA:117,0
DA:118,0
DA:119,0
DA:120,0
DA:123,0
DA:124,0
DA:125,0
DA:126,0
DA:127,0
DA:128,0
DA:135,0
DA:136,0
DA:137,0
DA:138,0
DA:139,0
DA:140,0
DA:141,0
DA:142,0
DA:143,0
DA:144,0
DA:151,1
DA:152,1
DA:153,1
DA:154,1
DA:155,1
DA:156,1
DA:157,1
DA:158,1
DA:159,1
DA:160,1
DA:168,0
DA:169,0
DA:170,0
DA:172,0
DA:174,0
DA:176,0
DA:179,0
DA:186,1
DA:193,1
DA:194,0
DA:195,1
DA:196,1
DA:197,1
DA:198,1
LF:80
LH:17
end_of_record
SF:lib/features/makeup/data/models/ai_makeup_recommendation_model.dart
DA:18,1
DA:57,0
DA:59,0
DA:62,0
DA:63,0
DA:65,0
DA:66,0
DA:67,0
DA:69,0
DA:70,0
DA:71,0
DA:72,0
DA:76,0
DA:77,0
DA:78,0
DA:80,0
DA:82,0
DA:84,0
DA:85,0
DA:86,0
DA:87,0
DA:89,0
DA:95,0
DA:98,0
DA:99,0
DA:101,0
DA:104,0
DA:107,0
DA:108,0
DA:109,0
DA:113,0
DA:115,0
DA:118,0
DA:123,0
DA:125,0
DA:126,0
DA:127,0
DA:134,0
DA:136,0
DA:139,0
DA:140,0
DA:150,0
DA:154,0
DA:155,0
DA:156,0
DA:157,0
DA:159,0
DA:160,0
DA:161,0
DA:162,0
DA:163,0
DA:171,0
DA:175,0
DA:176,0
DA:177,0
DA:178,0
DA:180,0
DA:181,0
DA:182,0
DA:183,0
DA:184,0
DA:191,1
DA:193,1
DA:199,1
DA:201,1
DA:207,1
DA:209,1
DA:215,1
DA:217,1
DA:218,1
DA:219,1
DA:220,1
DA:221,1
DA:222,1
DA:223,1
DA:224,1
DA:225,1
DA:233,0
DA:234,0
DA:235,0
DA:237,0
DA:239,0
DA:241,0
DA:244,0
DA:251,1
DA:261,1
DA:262,1
DA:263,1
DA:264,1
DA:265,0
DA:266,1
DA:267,1
DA:268,0
DA:269,0
DA:270,0
DA:274,0
DA:278,0
DA:279,0
DA:280,0
DA:283,0
DA:285,0
DA:288,0
DA:290,0
DA:291,0
DA:292,0
DA:293,0
DA:294,0
DA:295,0
DA:296,0
LF:109
LH:24
end_of_record
SF:lib/features/makeup/domain/entities/makeup_product.dart
DA:5,1
DA:44,1
DA:45,1
DA:46,1
DA:47,1
DA:48,1
DA:49,1
DA:50,1
DA:51,1
DA:52,1
DA:53,1
DA:54,1
DA:58,6
DA:61,4
DA:64,4
DA:65,1
DA:66,3
DA:67,1
DA:70,3
DA:81,2
DA:83,2
DA:85,2
DA:87,2
DA:92,1
DA:94,1
DA:96,1
DA:98,1
DA:103,1
DA:105,1
DA:107,1
DA:109,1
DA:114,1
DA:116,1
DA:118,1
DA:120,1
DA:123,2
LF:36
LH:36
end_of_record
SF:lib/features/makeup/domain/entities/makeup_recommendation.dart
DA:7,6
DA:42,1
DA:43,1
DA:44,1
DA:45,1
DA:46,1
DA:47,1
DA:48,1
DA:49,1
DA:50,1
DA:51,1
DA:55,3
DA:56,9
DA:60,3
DA:61,6
DA:65,4
DA:66,24
DA:70,2
DA:71,16
DA:75,1
DA:76,5
DA:77,1
DA:79,4
DA:80,2
DA:84,1
DA:85,5
DA:86,1
DA:88,5
DA:92,1
DA:93,5
DA:94,1
DA:96,5
DA:100,1
DA:101,5
DA:102,4
DA:106,3
DA:109,9
DA:112,1
DA:119,2
DA:120,2
DA:121,2
DA:127,3
DA:128,9
LF:43
LH:43
end_of_record
SF:lib/features/makeup/data/models/generated_image_data_model.dart
DA:20,0
DA:41,0
DA:42,0
DA:43,0
DA:44,0
DA:45,0
DA:46,0
DA:53,0
DA:54,0
DA:55,0
DA:56,0
DA:57,0
DA:58,0
DA:73,0
DA:74,0
DA:82,0
DA:83,0
DA:91,0
DA:92,0
DA:93,0
DA:94,0
DA:96,0
DA:98,0
DA:110,0
DA:111,0
DA:119,0
DA:120,0
DA:121,0
DA:122,0
DA:123,0
DA:124,0
DA:126,0
DA:133,0
DA:139,0
DA:140,0
DA:141,0
DA:142,0
DA:143,0
DA:147,0
DA:151,0
DA:152,0
DA:153,0
DA:154,0
DA:155,0
DA:158,0
DA:160,0
DA:161,0
DA:162,0
DA:163,0
DA:166,0
DA:168,0
DA:169,0
DA:170,0
DA:171,0
DA:172,0
LF:55
LH:0
end_of_record
SF:lib/features/makeup/data/models/makeup_product_model.dart
DA:8,0
DA:39,0
DA:40,0
DA:41,0
DA:42,0
DA:43,0
DA:44,0
DA:45,0
DA:46,0
DA:47,0
DA:48,0
DA:49,0
DA:64,0
DA:65,0
DA:66,0
DA:67,0
DA:68,0
DA:69,0
DA:70,0
DA:71,0
DA:72,0
DA:73,0
DA:74,0
DA:81,0
DA:82,0
DA:83,0
DA:84,0
DA:85,0
DA:86,0
DA:87,0
DA:88,0
DA:89,0
DA:90,0
DA:91,0
DA:98,0
DA:99,0
DA:100,0
DA:101,0
DA:102,0
DA:103,0
DA:104,0
DA:105,0
DA:106,0
DA:107,0
DA:108,0
DA:115,0
DA:126,0
DA:127,0
DA:128,0
DA:129,0
DA:130,0
DA:131,0
DA:132,0
DA:133,0
DA:134,0
DA:135,0
LF:56
LH:0
end_of_record
SF:lib/features/makeup/presentation/widgets/generated_image_widget.dart
DA:10,1
DA:19,1
DA:22,2
DA:26,1
DA:29,1
DA:31,1
DA:33,1
DA:34,1
DA:35,1
DA:36,3
DA:42,1
DA:43,1
DA:45,1
DA:47,1
DA:50,1
DA:53,1
DA:61,1
DA:62,1
DA:64,1
DA:66,1
DA:67,1
DA:68,1
DA:70,1
DA:71,1
DA:72,1
DA:73,2
DA:74,3
DA:77,1
DA:86,1
DA:87,1
DA:89,1
DA:90,1
DA:92,4
DA:94,1
DA:98,1
DA:100,4
DA:101,1
DA:113,1
DA:114,1
DA:116,1
DA:117,1
DA:118,1
DA:119,3
DA:123,1
DA:124,1
DA:125,1
DA:127,1
DA:128,1
DA:129,1
DA:130,1
DA:132,1
DA:133,1
DA:136,3
DA:139,1
DA:141,4
DA:142,2
DA:147,1
DA:149,1
DA:150,3
DA:151,1
DA:153,1
DA:155,1
DA:156,2
DA:171,1
DA:172,1
DA:174,1
DA:175,1
DA:176,1
DA:177,1
DA:180,2
DA:185,1
DA:186,1
DA:189,3
DA:198,1
DA:199,1
DA:201,1
DA:202,3
DA:203,1
DA:204,1
DA:205,3
DA:208,1
DA:209,1
DA:210,1
DA:213,3
DA:216,1
DA:217,1
DA:219,1
DA:220,1
DA:222,4
DA:223,1
DA:228,1
DA:230,4
DA:231,2
DA:246,1
DA:249,1
DA:250,1
DA:252,2
DA:254,2
DA:255,0
DA:256,2
DA:257,0
DA:259,3
DA:263,1
DA:265,1
DA:267,1
DA:269,1
DA:271,1
LF:107
LH:105
end_of_record
SF:lib/features/makeup/presentation/widgets/ai_explanation_card.dart
DA:9,1
DA:20,1
DA:23,2
DA:27,1
DA:29,1
DA:31,1
DA:32,1
DA:33,1
DA:34,1
DA:39,1
DA:40,3
DA:44,1
DA:46,1
DA:48,1
DA:53,1
DA:59,1
DA:60,1
DA:61,1
DA:62,1
DA:64,1
DA:65,3
DA:66,1
DA:68,1
DA:71,2
DA:75,1
DA:76,1
DA:78,1
DA:79,1
DA:81,4
DA:83,2
DA:86,1
DA:87,3
DA:88,4
DA:89,1
DA:95,1
DA:97,1
DA:98,3
DA:99,1
DA:101,1
DA:103,1
DA:104,1
DA:107,2
DA:110,1
DA:112,1
DA:115,2
DA:125,1
DA:126,1
DA:128,1
DA:129,3
DA:130,1
DA:131,1
DA:132,3
DA:136,1
DA:138,1
DA:140,1
DA:142,1
DA:143,1
DA:145,1
DA:148,3
DA:152,1
DA:153,1
DA:154,1
DA:155,4
DA:156,1
DA:168,1
DA:169,1
DA:170,1
DA:173,1
DA:176,1
DA:177,3
DA:178,4
DA:179,1
DA:184,1
DA:186,1
DA:187,3
DA:188,1
DA:190,1
DA:192,1
DA:194,2
DA:206,1
DA:208,1
DA:210,1
DA:212,1
DA:214,1
LF:84
LH:84
end_of_record
SF:lib/shared/theme/android_theme.dart
DA:12,1
DA:13,1
DA:18,1
DA:23,1
DA:102,1
DA:106,1
DA:107,1
DA:108,1
DA:109,1
DA:112,1
DA:115,1
DA:116,1
DA:122,1
DA:123,1
DA:124,1
DA:148,1
DA:150,1
DA:151,1
DA:154,1
DA:155,1
DA:159,1
DA:160,1
DA:163,1
DA:164,1
DA:170,1
DA:171,1
DA:174,1
DA:175,1
DA:181,1
DA:182,1
DA:184,1
DA:185,1
DA:191,1
DA:192,1
DA:199,1
DA:201,1
DA:202,1
DA:204,1
DA:207,1
DA:209,1
DA:210,1
DA:211,1
DA:212,1
DA:218,1
DA:220,1
DA:221,1
DA:223,1
DA:224,1
DA:225,1
DA:228,1
DA:230,1
DA:233,1
DA:239,1
DA:241,1
DA:242,1
DA:244,1
DA:245,1
DA:247,1
DA:249,1
DA:253,1
DA:254,1
DA:255,2
DA:256,2
DA:260,1
DA:263,1
DA:264,1
DA:265,1
DA:266,1
DA:267,1
DA:269,1
DA:270,0
DA:273,0
DA:274,0
DA:275,0
DA:278,1
DA:279,0
DA:281,0
DA:282,0
DA:283,0
DA:291,1
DA:292,1
DA:297,2
DA:299,3
DA:300,1
DA:301,1
DA:302,1
DA:303,1
DA:306,1
DA:309,1
DA:310,1
DA:314,1
DA:316,1
DA:317,1
DA:320,1
DA:321,1
DA:323,1
DA:325,1
DA:326,1
DA:328,1
DA:329,1
DA:330,1
DA:333,1
DA:335,1
DA:338,1
DA:342,3
DA:343,1
DA:344,1
DA:346,1
DA:348,1
DA:402,0
DA:409,0
DA:416,0
DA:423,0
DA:430,0
DA:431,0
DA:432,0
DA:433,0
DA:434,0
DA:438,0
DA:440,0
DA:443,0
DA:444,0
DA:445,0
DA:446,0
DA:447,0
LF:125
LH:101
end_of_record
SF:lib/core/platform/theme_selector.dart
DA:9,3
DA:10,3
DA:11,0
DA:12,0
DA:13,0
DA:16,3
DA:17,0
DA:21,3
DA:23,3
DA:28,3
DA:29,3
DA:30,0
DA:31,0
DA:32,0
DA:35,3
DA:37,0
DA:41,3
DA:43,3
DA:51,3
DA:57,0
DA:58,0
DA:62,0
DA:63,0
DA:64,0
DA:67,0
DA:68,0
DA:79,0
DA:80,0
DA:81,0
DA:84,0
DA:85,0
DA:94,0
DA:95,0
DA:99,0
DA:110,0
DA:111,0
LF:36
LH:11
end_of_record
SF:lib/shared/theme/app_theme.dart
DA:47,0
DA:48,0
DA:50,0
DA:98,0
DA:99,0
DA:101,0
DA:102,0
DA:105,0
DA:110,0
DA:113,0
DA:114,0
DA:115,0
LF:12
LH:0
end_of_record
SF:lib/main.dart
DA:12,1
DA:13,1
DA:14,1
DA:17,1
DA:18,1
DA:22,0
DA:24,0
DA:28,2
DA:30,2
DA:32,2
DA:34,2
DA:35,2
DA:36,2
DA:43,1
DA:47,2
DA:50,2
DA:51,0
DA:52,0
DA:53,0
DA:58,4
LF:20
LH:15
end_of_record
SF:lib/features/diagnosis/presentation/ios/ios_diagnosis_result_page.dart
DA:21,1
DA:27,1
DA:29,1
DA:30,1
DA:31,1
DA:32,0
DA:34,1
DA:35,3
DA:36,1
DA:37,1
DA:39,1
DA:40,2
DA:41,2
DA:48,1
DA:50,1
DA:52,1
DA:54,2
DA:55,0
DA:56,0
DA:60,2
DA:61,0
DA:64,1
DA:65,1
DA:66,1
DA:70,1
DA:73,1
DA:75,1
DA:78,1
DA:79,2
DA:84,1
DA:87,1
DA:88,2
DA:92,1
DA:95,1
DA:97,1
DA:106,1
DA:107,1
DA:109,1
DA:111,1
DA:112,1
DA:113,1
DA:114,1
DA:120,1
DA:122,1
DA:123,1
DA:124,1
DA:125,1
DA:126,2
DA:127,2
DA:128,2
DA:131,1
DA:133,4
DA:135,1
DA:136,2
DA:142,1
DA:143,2
DA:144,4
DA:146,1
DA:147,2
DA:155,1
DA:156,1
DA:157,1
DA:159,1
DA:162,1
DA:163,0
DA:164,0
DA:165,0
DA:166,0
DA:168,1
DA:169,1
DA:170,3
DA:171,1
DA:172,1
DA:173,1
DA:174,1
DA:180,1
DA:181,1
DA:183,1
DA:184,3
DA:186,1
DA:188,1
DA:189,2
DA:204,1
DA:207,1
DA:208,0
DA:209,0
DA:210,0
DA:211,0
DA:213,1
DA:214,1
DA:215,3
DA:216,1
DA:217,1
DA:218,1
DA:219,1
DA:225,1
DA:226,1
DA:228,1
DA:229,3
DA:231,1
DA:233,1
DA:234,2
DA:251,1
DA:254,1
DA:255,0
DA:257,1
DA:259,1
DA:260,2
DA:264,1
DA:265,2
DA:266,1
DA:267,2
DA:270,1
DA:271,1
DA:281,1
DA:283,2
DA:284,1
DA:287,1
DA:289,1
DA:291,1
DA:293,0
DA:295,0
DA:297,0
DA:304,0
DA:306,0
DA:308,0
DA:309,0
DA:310,0
DA:312,0
DA:313,0
DA:314,0
DA:315,0
DA:317,0
DA:318,0
DA:324,0
DA:327,0
DA:328,0
DA:331,0
DA:333,0
DA:335,0
DA:336,0
DA:337,0
DA:338,0
DA:347,0
DA:348,0
DA:350,0
DA:351,0
DA:352,0
DA:353,0
DA:354,0
DA:355,0
DA:365,0
DA:367,0
DA:368,0
DA:371,0
LF:155
LH:107
end_of_record
SF:lib/core/navigation/android_navigation_service.dart
DA:9,0
DA:10,0
DA:13,0
DA:17,0
DA:18,0
DA:19,0
DA:28,0
DA:34,0
DA:36,0
DA:41,0
DA:42,0
DA:53,0
DA:65,0
DA:66,0
DA:69,0
DA:70,0
DA:79,0
DA:80,0
DA:83,0
DA:84,0
DA:91,0
DA:92,0
DA:98,0
DA:99,0
DA:101,0
DA:106,0
DA:107,0
DA:108,0
DA:119,0
DA:120,0
DA:122,0
DA:125,0
DA:126,0
DA:127,0
DA:128,0
DA:130,0
DA:132,0
DA:134,0
DA:136,0
DA:137,0
DA:138,0
DA:139,0
DA:141,0
DA:144,0
DA:145,0
DA:146,0
DA:147,0
DA:148,0
DA:159,0
DA:166,0
DA:168,0
DA:169,0
DA:171,0
DA:174,0
DA:177,0
DA:178,0
DA:186,0
DA:190,0
DA:194,0
DA:196,0
DA:198,0
DA:210,0
DA:216,0
DA:218,0
DA:223,0
DA:224,0
DA:225,0
DA:226,0
LF:68
LH:0
end_of_record
SF:lib/core/services/android_permission_service.dart
DA:15,0
DA:16,0
DA:19,0
DA:20,0
DA:21,0
DA:22,0
DA:23,0
DA:24,0
DA:25,0
DA:26,0
DA:27,0
DA:28,0
DA:29,0
DA:30,0
DA:35,0
DA:36,0
DA:37,0
DA:41,0
DA:42,0
DA:43,0
DA:47,0
DA:48,0
DA:49,0
DA:53,0
DA:54,0
DA:55,0
DA:59,0
DA:60,0
DA:61,0
DA:62,0
DA:66,0
DA:67,0
DA:68,0
DA:72,0
DA:76,0
DA:77,0
DA:78,0
DA:82,0
DA:85,0
DA:90,0
DA:91,0
DA:92,0
DA:96,0
DA:99,0
DA:100,0
DA:101,0
DA:105,0
DA:106,0
DA:108,0
DA:110,0
DA:111,0
DA:112,0
DA:115,0
DA:116,0
DA:122,0
DA:123,0
DA:128,0
DA:129,0
DA:131,0
DA:134,0
DA:135,0
DA:138,0
DA:142,0
DA:143,0
DA:146,0
DA:147,0
DA:148,0
DA:149,0
DA:152,0
DA:155,0
DA:157,0
DA:158,0
DA:160,0
DA:163,0
DA:165,0
DA:166,0
DA:167,0
DA:169,0
DA:170,0
DA:171,0
DA:172,0
DA:173,0
DA:176,0
DA:179,0
DA:180,0
DA:182,0
DA:190,0
DA:192,0
DA:193,0
DA:201,0
DA:202,0
DA:203,0
DA:213,0
DA:215,0
DA:216,0
DA:217,0
DA:218,0
DA:219,0
DA:220,0
DA:221,0
DA:222,0
DA:223,0
DA:224,0
DA:225,0
DA:226,0
DA:231,0
DA:232,0
DA:233,0
DA:234,0
DA:235,0
DA:239,0
DA:240,0
DA:243,0
DA:244,0
DA:245,0
LF:115
LH:0
end_of_record
SF:lib/features/camera/presentation/widgets/android/permission_dialog.dart
DA:6,0
DA:17,0
DA:19,0
DA:21,0
DA:22,0
DA:23,0
DA:24,0
DA:25,0
DA:28,0
DA:31,0
DA:35,0
DA:36,0
DA:37,0
DA:42,0
DA:44,0
DA:45,0
DA:46,0
DA:49,0
DA:55,0
DA:57,0
DA:58,0
DA:59,0
DA:61,0
DA:62,0
DA:63,0
DA:66,0
DA:69,0
DA:70,0
DA:72,0
DA:73,0
DA:84,0
DA:85,0
DA:86,0
DA:90,0
DA:91,0
DA:93,0
DA:94,0
DA:95,0
DA:96,0
DA:98,0
DA:101,0
DA:102,0
DA:108,0
DA:109,0
DA:111,0
DA:112,0
DA:113,0
DA:114,0
DA:116,0
DA:119,0
DA:120,0
DA:127,0
DA:128,0
DA:131,0
DA:132,0
DA:133,0
DA:134,0
DA:142,0
DA:143,0
DA:146,0
DA:147,0
DA:148,0
DA:149,0
DA:150,0
DA:152,0
DA:162,0
DA:169,0
DA:171,0
DA:173,0
DA:174,0
DA:175,0
DA:176,0
DA:177,0
DA:180,0
DA:183,0
DA:187,0
DA:189,0
DA:194,0
DA:197,0
DA:198,0
DA:200,0
DA:204,0
DA:212,0
DA:220,0
DA:230,0
DA:231,0
DA:232,0
DA:239,0
DA:240,0
DA:242,0
DA:244,0
DA:245,0
DA:248,0
DA:251,0
DA:252,0
DA:254,0
DA:255,0
DA:257,0
DA:259,0
DA:263,0
DA:265,0
DA:266,0
DA:277,0
DA:278,0
DA:281,0
DA:282,0
DA:283,0
LF:107
LH:0
end_of_record
SF:lib/features/camera/presentation/android/android_camera_page.dart
DA:15,1
DA:17,0
DA:18,0
DA:24,0
DA:26,0
DA:27,0
DA:28,0
DA:29,0
DA:34,0
DA:35,0
DA:39,0
DA:41,0
DA:44,0
DA:46,0
DA:48,0
DA:50,0
DA:51,0
DA:53,0
DA:56,0
DA:59,0
DA:60,0
DA:66,0
DA:67,0
DA:69,0
DA:70,0
DA:71,0
DA:72,0
DA:74,0
DA:76,0
DA:82,0
DA:84,0
DA:85,0
DA:88,0
DA:90,0
DA:92,0
DA:93,0
DA:95,0
DA:98,0
DA:99,0
DA:105,0
DA:106,0
DA:108,0
DA:110,0
DA:112,0
DA:116,0
DA:118,0
DA:121,0
DA:123,0
DA:124,0
DA:125,0
DA:127,0
DA:130,0
DA:131,0
DA:133,0
DA:135,0
DA:137,0
DA:141,0
DA:142,0
DA:143,0
DA:144,0
DA:145,0
DA:147,0
DA:150,0
DA:151,0
DA:153,0
DA:158,0
DA:169,0
DA:170,0
DA:173,0
DA:174,0
DA:179,0
DA:180,0
DA:188,0
DA:189,0
DA:191,0
DA:192,0
DA:194,0
DA:201,0
DA:202,0
DA:204,0
DA:207,0
DA:208,0
DA:209,0
DA:210,0
DA:212,0
DA:214,0
DA:216,0
DA:218,0
DA:219,0
DA:220,0
DA:221,0
DA:223,0
DA:226,0
DA:227,0
DA:236,0
DA:237,0
DA:239,0
DA:240,0
DA:241,0
DA:243,0
DA:244,0
DA:249,0
DA:251,0
DA:252,0
DA:261,0
DA:263,0
DA:264,0
DA:265,0
DA:266,0
DA:267,0
DA:268,0
DA:269,0
DA:273,0
DA:274,0
DA:276,0
DA:277,0
DA:278,0
DA:280,0
DA:281,0
DA:282,0
DA:283,0
DA:284,0
DA:286,0
DA:287,0
DA:289,0
DA:293,0
DA:295,0
DA:296,0
DA:307,0
DA:308,0
DA:309,0
DA:310,0
DA:311,0
DA:313,0
DA:314,0
DA:316,0
DA:317,0
DA:318,0
DA:321,0
DA:323,0
DA:324,0
DA:340,0
DA:341,0
DA:342,0
DA:344,0
DA:345,0
DA:346,0
DA:349,0
DA:351,0
DA:352,0
DA:361,0
DA:362,0
DA:363,0
DA:364,0
DA:365,0
DA:366,0
DA:373,0
DA:374,0
DA:376,0
DA:377,0
DA:378,0
DA:379,0
DA:380,0
DA:381,0
DA:385,0
DA:386,0
DA:387,0
DA:388,0
DA:399,0
DA:400,0
DA:402,0
DA:403,0
DA:404,0
DA:407,0
DA:409,0
DA:410,0
DA:418,0
DA:419,0
DA:421,0
DA:423,0
DA:425,0
DA:426,0
DA:427,0
DA:428,0
DA:432,0
DA:434,0
DA:436,0
DA:437,0
DA:447,0
DA:450,0
DA:452,0
DA:453,0
DA:454,0
DA:460,0
DA:462,0
DA:463,0
DA:464,0
DA:465,0
DA:466,0
DA:468,0
DA:476,0
DA:477,0
DA:479,0
DA:482,0
DA:484,0
DA:485,0
DA:486,0
DA:493,0
DA:494,0
DA:495,0
DA:501,0
DA:504,0
DA:507,0
DA:508,0
DA:509,0
DA:510,0
DA:512,0
DA:513,0
DA:514,0
DA:519,0
DA:521,0
DA:525,0
DA:530,0
DA:531,0
DA:533,0
DA:534,0
DA:535,0
DA:536,0
DA:539,0
DA:540,0
LF:230
LH:1
end_of_record
SF:lib/features/camera/presentation/widgets/android/material_capture_button.dart
DA:6,0
DA:17,0
DA:19,0
DA:21,0
DA:24,0
DA:25,0
DA:26,0
DA:27,0
DA:28,0
DA:29,0
DA:30,0
DA:31,0
DA:32,0
DA:33,0
DA:34,0
DA:35,0
DA:37,0
DA:38,0
DA:40,0
DA:41,0
DA:44,0
DA:46,0
DA:47,0
DA:48,0
DA:52,0
DA:55,0
DA:56,0
LF:27
LH:0
end_of_record
SF:lib/shared/widgets/error_display.dart
DA:10,0
DA:17,0
DA:19,0
DA:21,0
DA:23,0
DA:24,0
DA:25,0
DA:27,0
DA:30,0
DA:32,0
DA:34,0
DA:39,0
DA:40,0
DA:41,0
DA:42,0
DA:48,0
DA:49,0
DA:51,0
DA:52,0
DA:61,0
DA:62,0
DA:65,0
DA:66,0
DA:73,0
DA:74,0
DA:75,0
DA:77,0
DA:78,0
DA:88,0
DA:89,0
DA:91,0
DA:93,0
DA:95,0
DA:102,0
DA:103,0
DA:105,0
DA:107,0
DA:109,0
DA:119,0
DA:125,0
DA:126,0
DA:127,0
DA:128,0
DA:129,0
DA:130,0
DA:131,0
DA:136,0
DA:137,0
DA:138,0
DA:147,0
DA:150,0
DA:157,0
DA:158,0
DA:165,0
DA:166,0
DA:168,0
DA:170,0
DA:172,0
DA:179,0
DA:180,0
DA:182,0
DA:184,0
DA:186,0
DA:199,0
DA:205,0
DA:207,0
DA:208,0
DA:213,0
DA:214,0
DA:215,0
LF:70
LH:0
end_of_record
SF:lib/features/diagnosis/presentation/android/android_diagnosis_result_page.dart
DA:16,0
DA:25,0
DA:27,0
DA:29,0
DA:31,0
DA:34,0
DA:35,0
DA:37,0
DA:45,0
DA:47,0
DA:49,0
DA:51,0
DA:52,0
DA:53,0
DA:59,0
DA:64,0
DA:65,0
DA:67,0
DA:73,0
DA:74,0
DA:75,0
DA:81,0
DA:91,0
DA:92,0
DA:93,0
DA:94,0
DA:95,0
DA:97,0
DA:99,0
DA:100,0
DA:101,0
DA:102,0
DA:104,0
DA:108,0
DA:110,0
DA:112,0
DA:118,0
DA:119,0
DA:120,0
DA:122,0
DA:132,0
DA:133,0
DA:134,0
DA:136,0
DA:139,0
DA:140,0
DA:143,0
DA:144,0
DA:145,0
DA:153,0
DA:156,0
DA:157,0
DA:158,0
DA:159,0
DA:160,0
DA:162,0
DA:163,0
DA:164,0
DA:165,0
DA:167,0
DA:168,0
DA:170,0
DA:171,0
DA:173,0
DA:176,0
DA:178,0
DA:179,0
DA:194,0
DA:197,0
DA:198,0
DA:201,0
DA:202,0
DA:203,0
DA:204,0
DA:216,0
DA:218,0
DA:221,0
DA:222,0
DA:223,0
DA:228,0
DA:230,0
DA:231,0
DA:232,0
DA:233,0
DA:234,0
DA:235,0
DA:236,0
DA:237,0
DA:242,0
DA:244,0
DA:245,0
DA:246,0
DA:247,0
DA:248,0
DA:249,0
DA:250,0
DA:251,0
DA:257,0
DA:259,0
DA:261,0
DA:262,0
DA:263,0
DA:265,0
DA:266,0
DA:267,0
DA:268,0
DA:270,0
DA:271,0
DA:276,0
DA:279,0
DA:280,0
DA:283,0
DA:285,0
DA:287,0
DA:288,0
DA:289,0
DA:290,0
DA:299,0
DA:300,0
DA:302,0
DA:303,0
DA:304,0
DA:305,0
DA:306,0
DA:307,0
DA:316,0
DA:318,0
DA:319,0
DA:322,0
LF:129
LH:0
end_of_record
SF:lib/features/camera/presentation/ios/ios_camera_page.dart
DA:13,1
DA:15,0
DA:16,0
DA:21,0
DA:23,0
DA:24,0
DA:25,0
DA:26,0
DA:30,0
DA:32,0
DA:33,0
DA:36,0
DA:38,0
DA:40,0
DA:41,0
DA:43,0
DA:45,0
DA:46,0
DA:51,0
DA:53,0
DA:55,0
DA:59,0
DA:61,0
DA:64,0
DA:65,0
DA:66,0
DA:67,0
DA:68,0
DA:70,0
DA:72,0
DA:73,0
DA:96,0
DA:97,0
DA:98,0
DA:103,0
DA:112,0
DA:114,0
DA:115,0
DA:119,0
DA:120,0
DA:121,0
DA:122,0
DA:126,0
DA:127,0
DA:128,0
DA:129,0
DA:131,0
DA:132,0
DA:133,0
DA:135,0
DA:136,0
DA:137,0
DA:163,0
DA:164,0
DA:165,0
DA:195,0
DA:210,0
DA:211,0
DA:212,0
DA:213,0
DA:214,0
DA:220,0
DA:221,0
DA:223,0
DA:227,0
DA:228,0
DA:229,0
DA:231,0
DA:232,0
DA:233,0
DA:234,0
DA:256,0
DA:257,0
DA:259,0
DA:260,0
DA:262,0
DA:263,0
DA:264,0
DA:265,0
DA:276,0
DA:279,0
DA:281,0
DA:282,0
DA:283,0
DA:284,0
DA:285,0
DA:294,0
DA:296,0
DA:297,0
DA:298,0
DA:299,0
DA:300,0
DA:302,0
DA:304,0
DA:313,0
DA:314,0
DA:316,0
DA:317,0
DA:318,0
DA:322,0
DA:323,0
DA:324,0
DA:325,0
DA:334,0
DA:335,0
DA:336,0
DA:337,0
DA:348,0
DA:351,0
DA:354,0
DA:355,0
DA:356,0
DA:357,0
DA:359,0
DA:360,0
DA:361,0
DA:366,0
DA:368,0
DA:369,0
DA:370,0
DA:377,0
DA:378,0
DA:379,0
DA:380,0
LF:124
LH:1
end_of_record
SF:lib/features/camera/presentation/widgets/capture_button.dart
DA:5,0
DA:16,0
DA:18,0
DA:21,0
DA:23,0
DA:28,0
DA:30,0
DA:31,0
DA:32,0
DA:33,0
DA:35,0
DA:37,0
DA:39,0
LF:13
LH:0
end_of_record
SF:lib/features/camera/presentation/pages/camera_page.dart
DA:8,1
DA:10,1
DA:12,1
DA:15,1
DA:21,1
DA:25,1
DA:26,1
DA:27,1
LF:8
LH:8
end_of_record
SF:lib/features/clothing/presentation/pages/clothing_recommendation_page.dart
DA:14,0
DA:19,0
DA:25,0
DA:26,0
DA:33,0
DA:35,0
DA:36,0
DA:39,0
DA:40,0
DA:41,0
DA:44,0
DA:46,0
DA:47,0
DA:48,0
DA:50,0
DA:51,0
DA:52,0
DA:55,0
DA:56,0
DA:61,0
DA:63,0
DA:64,0
DA:67,0
DA:69,0
DA:70,0
DA:72,0
DA:73,0
DA:74,0
DA:75,0
DA:76,0
DA:77,0
DA:84,0
DA:85,0
DA:86,0
DA:88,0
DA:90,0
DA:93,0
DA:94,0
DA:97,0
DA:99,0
DA:100,0
DA:106,0
DA:112,0
DA:113,0
DA:116,0
DA:117,0
DA:120,0
DA:121,0
DA:124,0
DA:128,0
DA:145,0
DA:146,0
DA:147,0
DA:149,0
DA:151,0
DA:152,0
DA:155,0
DA:158,0
DA:160,0
DA:161,0
DA:166,0
DA:167,0
DA:168,0
DA:169,0
DA:174,0
DA:175,0
DA:186,0
DA:187,0
DA:188,0
DA:190,0
DA:192,0
DA:193,0
DA:196,0
DA:199,0
DA:201,0
DA:202,0
DA:206,0
DA:208,0
DA:209,0
DA:220,0
DA:225,0
DA:228,0
DA:229,0
DA:230,0
DA:231,0
DA:236,0
DA:237,0
DA:239,0
DA:242,0
DA:245,0
DA:246,0
DA:253,0
DA:258,0
DA:260,0
DA:264,0
DA:265,0
DA:266,0
DA:268,0
DA:269,0
DA:270,0
DA:272,0
DA:273,0
DA:277,0
DA:279,0
DA:280,0
DA:285,0
DA:286,0
DA:287,0
DA:288,0
DA:298,0
DA:299,0
DA:301,0
DA:302,0
DA:303,0
DA:304,0
DA:305,0
DA:306,0
DA:307,0
DA:308,0
DA:314,0
DA:315,0
DA:316,0
DA:317,0
DA:318,0
DA:319,0
DA:320,0
DA:324,0
DA:325,0
DA:328,0
DA:329,0
DA:330,0
DA:331,0
DA:339,0
DA:343,0
DA:344,0
DA:345,0
DA:346,0
DA:347,0
DA:352,0
DA:356,0
DA:357,0
DA:359,0
DA:361,0
DA:363,0
DA:365,0
DA:366,0
DA:371,0
DA:372,0
DA:374,0
DA:376,0
DA:377,0
DA:385,0
DA:386,0
DA:387,0
DA:389,0
DA:391,0
DA:394,0
DA:395,0
DA:396,0
DA:398,0
DA:400,0
DA:401,0
DA:402,0
DA:403,0
DA:405,0
DA:409,0
DA:411,0
DA:412,0
DA:419,0
DA:421,0
DA:422,0
DA:433,0
DA:434,0
DA:435,0
DA:437,0
DA:438,0
DA:440,0
DA:441,0
DA:442,0
DA:443,0
DA:445,0
DA:448,0
DA:449,0
DA:450,0
DA:451,0
DA:461,0
DA:463,0
DA:464,0
DA:465,0
DA:466,0
DA:471,0
DA:473,0
DA:474,0
DA:475,0
DA:480,0
DA:482,0
DA:483,0
DA:484,0
LF:198
LH:0
end_of_record
SF:lib/features/clothing/presentation/widgets/clothing_product_card_widget.dart
DA:12,0
DA:21,0
DA:23,0
DA:24,0
DA:26,0
DA:28,0
DA:29,0
DA:30,0
DA:31,0
DA:32,0
DA:34,0
DA:36,0
DA:38,0
DA:42,0
DA:46,0
DA:50,0
DA:54,0
DA:58,0
DA:59,0
DA:64,0
DA:73,0
DA:74,0
DA:77,0
DA:78,0
DA:79,0
DA:81,0
DA:82,0
DA:83,0
DA:84,0
DA:89,0
DA:91,0
DA:92,0
DA:94,0
DA:95,0
DA:98,0
DA:99,0
DA:100,0
DA:101,0
DA:107,0
DA:109,0
DA:110,0
DA:118,0
DA:119,0
DA:120,0
DA:147,0
DA:148,0
DA:149,0
DA:150,0
DA:159,0
DA:160,0
DA:161,0
DA:162,0
DA:163,0
DA:170,0
DA:171,0
DA:173,0
DA:174,0
DA:175,0
DA:177,0
DA:178,0
DA:179,0
DA:180,0
DA:188,0
DA:189,0
DA:190,0
DA:191,0
DA:192,0
DA:201,0
DA:202,0
DA:204,0
DA:205,0
DA:207,0
DA:208,0
DA:213,0
DA:216,0
DA:217,0
DA:219,0
DA:220,0
DA:221,0
DA:222,0
DA:223,0
DA:226,0
DA:228,0
DA:229,0
DA:234,0
DA:241,0
DA:242,0
DA:244,0
DA:245,0
DA:251,0
DA:252,0
DA:253,0
DA:261,0
DA:263,0
DA:266,0
DA:267,0
DA:268,0
DA:269,0
DA:272,0
DA:273,0
DA:274,0
DA:275,0
DA:281,0
DA:282,0
DA:284,0
DA:290,0
DA:291,0
DA:292,0
DA:296,0
DA:297,0
DA:299,0
DA:303,0
DA:307,0
DA:308,0
DA:312,0
DA:314,0
DA:315,0
DA:319,0
DA:320,0
DA:321,0
DA:325,0
DA:326,0
DA:327,0
DA:328,0
DA:334,0
DA:336,0
DA:341,0
DA:350,0
DA:351,0
DA:355,0
DA:356,0
DA:358,0
DA:360,0
DA:363,0
DA:366,0
DA:368,0
DA:369,0
DA:370,0
DA:372,0
DA:373,0
DA:384,0
DA:385,0
DA:386,0
DA:389,0
DA:390,0
DA:399,0
DA:400,0
DA:402,0
DA:404,0
DA:405,0
DA:406,0
DA:407,0
LF:152
LH:0
end_of_record
SF:lib/features/diagnosis/presentation/widgets/android/material_result_card.dart
DA:7,0
DA:16,0
DA:18,0
DA:20,0
DA:21,0
DA:22,0
DA:23,0
DA:25,0
DA:26,0
DA:28,0
DA:33,0
DA:38,0
DA:46,0
DA:47,0
DA:48,0
DA:49,0
DA:51,0
DA:52,0
DA:59,0
DA:61,0
DA:62,0
DA:63,0
DA:64,0
DA:65,0
DA:69,0
DA:70,0
DA:71,0
DA:72,0
DA:73,0
DA:77,0
DA:78,0
DA:79,0
DA:81,0
DA:90,0
DA:91,0
DA:92,0
DA:93,0
DA:103,0
DA:104,0
DA:105,0
DA:107,0
DA:112,0
DA:113,0
DA:120,0
DA:121,0
DA:124,0
DA:125,0
DA:126,0
DA:127,0
DA:130,0
DA:131,0
DA:132,0
DA:133,0
DA:134,0
DA:137,0
DA:138,0
DA:139,0
DA:142,0
DA:150,0
DA:151,0
DA:153,0
DA:154,0
DA:155,0
DA:156,0
DA:157,0
DA:160,0
DA:162,0
DA:163,0
DA:164,0
DA:165,0
DA:167,0
DA:171,0
DA:173,0
DA:175,0
DA:181,0
DA:182,0
DA:183,0
DA:185,0
DA:196,0
DA:197,0
DA:199,0
DA:200,0
DA:202,0
DA:203,0
DA:205,0
DA:207,0
DA:210,0
DA:211,0
DA:212,0
DA:213,0
DA:216,0
DA:226,0
DA:227,0
DA:228,0
DA:229,0
DA:230,0
DA:233,0
DA:238,0
DA:239,0
DA:240,0
DA:241,0
DA:249,0
DA:251,0
DA:252,0
DA:253,0
DA:254,0
DA:255,0
DA:256,0
DA:257,0
DA:258,0
DA:263,0
DA:265,0
DA:267,0
DA:269,0
DA:271,0
DA:277,0
DA:278,0
DA:280,0
DA:282,0
LF:119
LH:0
end_of_record
SF:lib/features/diagnosis/presentation/widgets/android/material_color_palette.dart
DA:6,0
DA:17,0
DA:19,0
DA:21,0
DA:22,0
DA:23,0
DA:24,0
DA:26,0
DA:28,0
DA:30,0
DA:31,0
DA:32,0
DA:34,0
DA:38,0
DA:39,0
DA:40,0
DA:42,0
DA:51,0
DA:59,0
DA:60,0
DA:63,0
DA:64,0
DA:65,0
DA:70,0
DA:71,0
DA:72,0
DA:73,0
DA:75,0
DA:80,0
DA:82,0
DA:83,0
DA:84,0
DA:85,0
DA:87,0
DA:88,0
DA:89,0
DA:90,0
DA:91,0
DA:95,0
DA:97,0
DA:99,0
DA:102,0
DA:105,0
DA:106,0
DA:109,0
DA:110,0
DA:111,0
DA:122,0
DA:123,0
DA:124,0
DA:126,0
DA:141,0
DA:147,0
DA:149,0
DA:150,0
DA:151,0
DA:152,0
DA:153,0
DA:154,0
DA:155,0
DA:156,0
DA:161,0
DA:162,0
DA:193,0
DA:197,0
DA:199,0
DA:200,0
DA:202,0
DA:203,0
DA:204,0
DA:205,0
LF:71
LH:0
end_of_record
SF:lib/features/diagnosis/presentation/widgets/android/material_tips_section.dart
DA:6,0
DA:15,0
DA:17,0
DA:19,0
DA:20,0
DA:21,0
DA:22,0
DA:24,0
DA:26,0
DA:28,0
DA:29,0
DA:30,0
DA:32,0
DA:36,0
DA:38,0
DA:40,0
DA:49,0
DA:57,0
DA:59,0
DA:61,0
DA:63,0
DA:66,0
DA:67,0
DA:68,0
DA:69,0
DA:70,0
DA:71,0
DA:72,0
DA:74,0
DA:80,0
DA:81,0
DA:83,0
DA:84,0
DA:85,0
DA:86,0
DA:87,0
DA:90,0
DA:92,0
DA:93,0
DA:96,0
DA:97,0
DA:107,0
DA:108,0
DA:110,0
DA:112,0
DA:122,0
DA:123,0
DA:125,0
DA:127,0
DA:130,0
DA:131,0
DA:133,0
DA:134,0
DA:138,0
DA:139,0
DA:140,0
DA:141,0
DA:143,0
DA:152,0
DA:153,0
DA:155,0
DA:156,0
DA:157,0
DA:158,0
DA:159,0
DA:162,0
DA:164,0
DA:166,0
DA:176,0
DA:178,0
DA:179,0
DA:180,0
DA:181,0
DA:182,0
DA:183,0
DA:184,0
DA:185,0
LF:77
LH:0
end_of_record
SF:lib/features/makeup/presentation/pages/makeup_recommendation_page.dart
DA:14,0
DA:19,0
DA:25,0
DA:26,0
DA:33,0
DA:35,0
DA:37,0
DA:41,0
DA:42,0
DA:45,0
DA:46,0
DA:48,0
DA:49,0
DA:51,0
DA:52,0
DA:53,0
DA:56,0
DA:57,0
DA:62,0
DA:63,0
DA:66,0
DA:69,0
DA:71,0
DA:72,0
DA:75,0
DA:77,0
DA:78,0
DA:80,0
DA:81,0
DA:82,0
DA:83,0
DA:84,0
DA:85,0
DA:92,0
DA:93,0
DA:94,0
DA:96,0
DA:98,0
DA:101,0
DA:102,0
DA:105,0
DA:107,0
DA:108,0
DA:114,0
DA:120,0
DA:121,0
DA:124,0
DA:125,0
DA:128,0
DA:129,0
DA:132,0
DA:136,0
DA:153,0
DA:154,0
DA:155,0
DA:157,0
DA:159,0
DA:160,0
DA:163,0
DA:166,0
DA:168,0
DA:169,0
DA:174,0
DA:175,0
DA:176,0
DA:177,0
DA:182,0
DA:183,0
DA:194,0
DA:195,0
DA:196,0
DA:198,0
DA:200,0
DA:201,0
DA:204,0
DA:207,0
DA:209,0
DA:210,0
DA:214,0
DA:216,0
DA:217,0
DA:228,0
DA:233,0
DA:236,0
DA:237,0
DA:238,0
DA:239,0
DA:244,0
DA:245,0
DA:247,0
DA:250,0
DA:253,0
DA:254,0
DA:261,0
DA:266,0
DA:268,0
DA:272,0
DA:273,0
DA:274,0
DA:276,0
DA:277,0
DA:278,0
DA:280,0
DA:281,0
DA:285,0
DA:287,0
DA:288,0
DA:293,0
DA:294,0
DA:295,0
DA:296,0
DA:306,0
DA:307,0
DA:309,0
DA:310,0
DA:311,0
DA:312,0
DA:313,0
DA:314,0
DA:315,0
DA:316,0
DA:322,0
DA:323,0
DA:324,0
DA:325,0
DA:326,0
DA:327,0
DA:328,0
DA:332,0
DA:333,0
DA:336,0
DA:337,0
DA:338,0
DA:339,0
DA:347,0
DA:351,0
DA:352,0
DA:353,0
DA:354,0
DA:355,0
DA:360,0
DA:364,0
DA:365,0
DA:367,0
DA:369,0
DA:371,0
DA:373,0
DA:377,0
DA:378,0
DA:380,0
DA:382,0
DA:383,0
DA:391,0
DA:392,0
DA:393,0
DA:398,0
DA:400,0
DA:406,0
DA:408,0
DA:411,0
DA:412,0
DA:413,0
DA:415,0
DA:417,0
DA:418,0
DA:419,0
DA:420,0
DA:422,0
DA:426,0
DA:428,0
DA:429,0
DA:436,0
DA:438,0
DA:439,0
DA:450,0
DA:451,0
DA:452,0
DA:454,0
DA:455,0
DA:457,0
DA:458,0
DA:459,0
DA:460,0
DA:462,0
DA:465,0
DA:466,0
DA:467,0
DA:468,0
DA:478,0
DA:480,0
DA:481,0
DA:482,0
DA:483,0
DA:488,0
DA:490,0
DA:491,0
DA:492,0
DA:497,0
DA:499,0
DA:500,0
DA:501,0
DA:506,0
DA:507,0
DA:510,0
DA:512,0
DA:514,0
LF:206
LH:0
end_of_record
SF:lib/features/diagnosis/presentation/widgets/result_card.dart
DA:11,1
DA:18,1
DA:20,1
DA:22,1
DA:24,1
DA:25,1
DA:26,1
DA:27,1
DA:33,1
DA:34,1
DA:36,1
DA:41,1
DA:42,1
DA:44,1
DA:49,1
DA:50,1
DA:58,1
DA:64,1
DA:65,1
DA:66,2
DA:68,1
DA:69,1
DA:70,1
DA:72,1
DA:73,2
DA:74,1
DA:79,1
DA:81,1
DA:82,1
DA:83,1
DA:84,1
DA:89,1
DA:90,3
DA:91,1
DA:92,2
DA:99,1
DA:100,3
DA:101,1
DA:102,2
DA:103,1
DA:111,1
DA:112,1
DA:115,1
DA:116,1
DA:117,1
DA:118,1
DA:119,1
DA:125,1
DA:126,1
DA:127,3
DA:128,0
DA:129,0
DA:132,1
DA:133,1
DA:134,1
DA:137,1
DA:144,1
DA:145,1
DA:146,2
DA:148,1
DA:150,1
DA:151,1
DA:153,1
DA:154,1
DA:155,1
DA:156,1
DA:157,1
DA:160,1
DA:162,1
DA:163,1
DA:164,1
DA:165,1
DA:166,3
DA:168,2
DA:171,1
DA:173,1
DA:174,2
DA:182,1
DA:183,2
DA:184,1
DA:185,2
DA:186,1
DA:197,1
DA:198,1
DA:199,2
DA:201,1
DA:203,1
DA:204,1
DA:206,1
DA:207,1
DA:209,1
DA:210,2
DA:212,1
DA:215,1
DA:216,3
DA:217,1
DA:218,2
DA:226,1
DA:228,1
DA:229,1
DA:230,1
DA:232,1
DA:234,3
DA:235,1
DA:236,1
DA:237,1
DA:238,1
DA:239,1
DA:240,1
DA:249,1
DA:250,3
DA:251,1
DA:252,2
DA:253,1
DA:261,1
DA:263,1
DA:265,0
DA:267,0
DA:269,0
DA:275,1
DA:276,1
DA:278,1
DA:280,0
LF:123
LH:117
end_of_record
SF:lib/features/diagnosis/presentation/widgets/color_palette_widget.dart
DA:11,1
DA:18,1
DA:20,1
DA:22,1
DA:24,1
DA:25,1
DA:26,1
DA:27,1
DA:33,1
DA:35,1
DA:36,1
DA:37,1
DA:44,1
DA:45,1
DA:46,4
DA:48,1
DA:54,1
DA:57,7
DA:64,1
DA:66,0
DA:67,0
DA:68,1
DA:70,1
DA:72,1
DA:73,1
DA:74,1
DA:75,1
DA:80,1
DA:82,1
DA:83,1
DA:86,1
DA:89,1
DA:93,1
DA:94,1
DA:95,1
DA:103,1
DA:105,1
DA:116,1
DA:118,1
DA:145,1
DA:148,0
DA:150,0
DA:151,0
DA:153,0
DA:154,0
DA:155,0
DA:156,0
LF:47
LH:38
end_of_record
SF:lib/features/diagnosis/presentation/widgets/tips_section.dart
DA:8,1
DA:14,1
DA:16,1
DA:18,1
DA:20,1
DA:21,1
DA:22,1
DA:23,1
DA:29,1
DA:31,1
DA:32,1
DA:33,1
DA:40,1
DA:42,4
DA:44,1
DA:50,2
DA:56,1
DA:57,1
DA:59,1
DA:61,1
DA:62,1
DA:65,1
DA:66,1
DA:68,1
DA:73,1
DA:74,1
DA:75,1
DA:85,1
DA:86,1
DA:88,1
DA:89,1
DA:90,1
DA:91,1
DA:92,1
DA:95,1
DA:97,1
DA:100,1
LF:37
LH:37
end_of_record
SF:lib/features/diagnosis/presentation/widgets/person_info_display.dart
DA:12,0
DA:18,0
DA:20,0
DA:24,0
DA:26,0
DA:28,0
DA:29,0
DA:30,0
DA:33,0
DA:34,0
DA:35,0
DA:41,0
DA:42,0
DA:43,0
DA:45,0
DA:46,0
DA:49,0
DA:50,0
DA:52,0
DA:53,0
DA:55,0
DA:56,0
DA:57,0
DA:62,0
DA:63,0
DA:64,0
DA:65,0
DA:67,0
DA:68,0
DA:69,0
DA:71,0
DA:72,0
DA:73,0
DA:74,0
DA:75,0
DA:80,0
DA:82,0
DA:83,0
DA:85,0
DA:86,0
DA:87,0
DA:89,0
DA:90,0
DA:91,0
DA:92,0
DA:93,0
DA:104,0
DA:106,0
DA:107,0
DA:108,0
DA:110,0
DA:111,0
DA:112,0
DA:115,0
DA:116,0
DA:117,0
DA:118,0
DA:120,0
DA:131,0
DA:133,0
DA:135,0
DA:137,0
DA:139,0
DA:141,0
DA:146,0
DA:148,0
DA:150,0
DA:152,0
DA:157,0
DA:158,0
DA:160,0
LF:71
LH:0
end_of_record
SF:lib/features/home/presentation/android/android_home_page.dart
DA:15,0
DA:22,0
DA:24,0
DA:27,0
DA:29,0
DA:31,0
DA:32,0
DA:33,0
DA:34,0
DA:36,0
DA:37,0
DA:38,0
DA:39,0
DA:40,0
DA:43,0
DA:44,0
DA:45,0
DA:47,0
DA:49,0
DA:51,0
DA:56,0
DA:61,0
DA:64,0
DA:65,0
DA:74,0
DA:84,0
DA:85,0
DA:86,0
DA:87,0
DA:93,0
DA:94,0
DA:96,0
DA:99,0
DA:102,0
DA:103,0
DA:110,0
DA:111,0
DA:112,0
DA:114,0
DA:117,0
DA:118,0
DA:119,0
DA:121,0
DA:124,0
DA:131,0
DA:133,0
DA:135,0
DA:143,0
DA:145,0
DA:146,0
DA:153,0
DA:155,0
DA:156,0
DA:165,0
DA:166,0
DA:169,0
DA:170,0
DA:171,0
DA:172,0
DA:173,0
DA:176,0
DA:178,0
DA:179,0
DA:182,0
DA:185,0
DA:187,0
DA:189,0
DA:200,0
DA:201,0
DA:203,0
DA:204,0
DA:205,0
DA:206,0
DA:209,0
DA:211,0
DA:212,0
DA:213,0
DA:216,0
DA:219,0
DA:220,0
DA:222,0
DA:223,0
DA:234,0
DA:235,0
DA:236,0
DA:237,0
DA:238,0
DA:246,0
DA:247,0
DA:249,0
DA:251,0
DA:254,0
DA:255,0
DA:256,0
DA:259,0
DA:260,0
DA:269,0
DA:270,0
DA:274,0
DA:275,0
DA:276,0
DA:277,0
DA:279,0
DA:280,0
DA:281,0
DA:284,0
DA:285,0
DA:288,0
DA:289,0
DA:292,0
DA:293,0
DA:302,0
DA:303,0
DA:304,0
DA:305,0
DA:306,0
DA:307,0
DA:309,0
DA:318,0
DA:319,0
DA:320,0
DA:323,0
DA:329,0
DA:330,0
DA:333,0
DA:334,0
DA:340,0
DA:341,0
DA:342,0
LF:129
LH:0
end_of_record
SF:lib/features/makeup/presentation/pages/ai_makeup_recommendation_page.dart
DA:17,0
DA:23,0
DA:24,0
DA:28,0
DA:30,0
DA:32,0
DA:33,0
DA:37,0
DA:38,0
DA:39,0
DA:42,0
DA:44,0
DA:45,0
DA:46,0
DA:51,0
DA:52,0
DA:54,0
DA:55,0
DA:62,0
DA:63,0
DA:64,0
DA:65,0
DA:68,0
DA:69,0
DA:72,0
DA:73,0
DA:76,0
DA:83,0
DA:84,0
DA:85,0
DA:87,0
DA:88,0
DA:91,0
DA:93,0
DA:94,0
DA:95,0
DA:96,0
DA:102,0
DA:104,0
DA:105,0
DA:108,0
DA:109,0
DA:110,0
DA:111,0
DA:112,0
DA:115,0
DA:123,0
DA:125,0
DA:132,0
DA:133,0
DA:134,0
DA:135,0
DA:140,0
DA:142,0
DA:143,0
DA:151,0
DA:152,0
DA:153,0
DA:155,0
DA:157,0
DA:158,0
DA:161,0
DA:164,0
DA:166,0
DA:167,0
DA:172,0
DA:173,0
DA:174,0
DA:175,0
DA:180,0
DA:181,0
DA:184,0
DA:185,0
DA:196,0
DA:197,0
DA:198,0
DA:200,0
DA:202,0
DA:203,0
DA:206,0
DA:209,0
DA:211,0
DA:212,0
DA:222,0
DA:223,0
DA:226,0
DA:227,0
DA:237,0
DA:238,0
DA:239,0
DA:240,0
DA:243,0
DA:244,0
DA:245,0
DA:249,0
DA:250,0
DA:252,0
DA:254,0
DA:255,0
DA:258,0
DA:259,0
DA:267,0
DA:268,0
DA:270,0
DA:271,0
DA:272,0
DA:273,0
DA:274,0
DA:279,0
DA:280,0
DA:282,0
DA:283,0
DA:286,0
DA:289,0
DA:291,0
DA:292,0
DA:296,0
DA:298,0
DA:299,0
DA:309,0
DA:311,0
DA:313,0
DA:314,0
DA:317,0
DA:319,0
DA:320,0
DA:321,0
DA:322,0
DA:323,0
DA:329,0
DA:330,0
DA:331,0
DA:336,0
DA:337,0
DA:339,0
DA:340,0
DA:349,0
DA:350,0
DA:353,0
DA:354,0
DA:355,0
DA:357,0
DA:359,0
DA:360,0
DA:363,0
DA:366,0
DA:368,0
DA:369,0
DA:378,0
DA:380,0
DA:382,0
DA:384,0
DA:386,0
DA:391,0
DA:393,0
DA:395,0
DA:397,0
DA:399,0
LF:158
LH:0
end_of_record
SF:lib/features/home/presentation/ios/ios_home_page.dart
DA:14,2
DA:21,2
DA:23,2
DA:24,2
DA:25,6
DA:26,4
DA:28,2
DA:29,2
DA:31,2
DA:42,2
DA:43,2
DA:44,2
DA:59,2
DA:60,0
DA:66,2
DA:77,1
DA:78,2
DA:79,1
DA:80,2
DA:81,0
DA:88,0
DA:89,0
DA:91,0
DA:93,0
DA:96,0
DA:97,0
DA:98,0
DA:101,0
DA:102,0
DA:111,0
DA:112,0
DA:116,0
DA:117,0
DA:118,0
DA:119,0
DA:121,0
DA:122,0
DA:123,0
DA:126,0
DA:127,0
DA:130,0
DA:131,0
DA:134,0
DA:135,0
DA:144,0
DA:145,0
DA:146,0
DA:147,0
DA:148,0
DA:149,0
DA:151,0
LF:51
LH:18
end_of_record
SF:lib/features/makeup/presentation/widgets/product_card_widget.dart
DA:12,0
DA:21,0
DA:23,0
DA:24,0
DA:26,0
DA:28,0
DA:29,0
DA:30,0
DA:31,0
DA:32,0
DA:34,0
DA:36,0
DA:38,0
DA:42,0
DA:46,0
DA:50,0
DA:54,0
DA:58,0
DA:59,0
DA:64,0
DA:73,0
DA:74,0
DA:77,0
DA:78,0
DA:79,0
DA:81,0
DA:82,0
DA:83,0
DA:84,0
DA:89,0
DA:91,0
DA:92,0
DA:94,0
DA:95,0
DA:98,0
DA:99,0
DA:100,0
DA:101,0
DA:107,0
DA:109,0
DA:110,0
DA:118,0
DA:119,0
DA:120,0
DA:147,0
DA:148,0
DA:149,0
DA:150,0
DA:159,0
DA:160,0
DA:161,0
DA:162,0
DA:163,0
DA:170,0
DA:171,0
DA:173,0
DA:174,0
DA:175,0
DA:177,0
DA:178,0
DA:179,0
DA:180,0
DA:188,0
DA:189,0
DA:190,0
DA:191,0
DA:192,0
DA:201,0
DA:202,0
DA:204,0
DA:205,0
DA:207,0
DA:208,0
DA:213,0
DA:216,0
DA:217,0
DA:219,0
DA:220,0
DA:221,0
DA:222,0
DA:223,0
DA:226,0
DA:228,0
DA:229,0
DA:234,0
DA:241,0
DA:242,0
DA:244,0
DA:245,0
DA:251,0
DA:252,0
DA:253,0
DA:261,0
DA:263,0
DA:266,0
DA:267,0
DA:268,0
DA:269,0
DA:272,0
DA:273,0
DA:274,0
DA:275,0
DA:281,0
DA:282,0
DA:284,0
DA:290,0
DA:291,0
DA:292,0
DA:296,0
DA:297,0
DA:299,0
DA:303,0
DA:307,0
DA:308,0
DA:312,0
DA:314,0
DA:315,0
DA:319,0
DA:320,0
DA:321,0
DA:325,0
DA:326,0
DA:327,0
DA:328,0
DA:334,0
DA:336,0
DA:341,0
DA:350,0
DA:351,0
DA:355,0
DA:356,0
DA:358,0
DA:360,0
DA:363,0
DA:366,0
DA:368,0
DA:369,0
DA:370,0
DA:372,0
DA:373,0
DA:384,0
DA:385,0
DA:386,0
DA:389,0
DA:390,0
DA:399,0
DA:400,0
DA:402,0
DA:404,0
DA:405,0
DA:406,0
DA:407,0
LF:152
LH:0
end_of_record
SF:lib/firebase_options.dart
DA:18,1
DA:20,0
DA:25,1
DA:26,1
DA:28,0
DA:30,0
DA:31,0
DA:35,0
DA:36,0
DA:40,0
DA:41,0
DA:46,0
LF:12
LH:3
end_of_record
SF:lib/core/performance/android_performance_optimizer.dart
DA:11,1
DA:12,1
DA:16,0
DA:19,0
DA:23,0
DA:27,0
DA:33,0
DA:35,0
DA:36,0
DA:40,0
DA:41,0
DA:44,0
DA:47,0
DA:51,0
DA:57,0
DA:58,0
DA:61,0
DA:64,0
DA:68,0
DA:74,0
DA:80,0
DA:83,0
DA:85,0
DA:94,0
DA:95,0
DA:96,0
DA:97,0
DA:98,0
DA:99,0
DA:100,0
DA:106,0
DA:113,0
DA:114,0
DA:117,0
DA:120,0
DA:124,0
DA:130,1
DA:131,1
DA:135,0
DA:136,0
DA:137,0
DA:138,0
DA:142,0
DA:146,0
DA:152,1
DA:153,1
DA:156,0
DA:161,0
DA:162,0
DA:163,0
DA:170,0
DA:177,0
DA:183,0
DA:186,0
DA:189,0
DA:191,0
DA:192,0
DA:193,0
DA:194,0
DA:195,0
DA:199,0
DA:203,0
DA:209,1
DA:210,1
DA:213,0
DA:214,0
DA:217,0
DA:221,0
LF:68
LH:8
end_of_record
SF:lib/core/logging/android_logger.dart
DA:23,0
DA:27,0
DA:35,0
DA:37,0
DA:38,0
DA:42,0
DA:46,0
DA:50,0
DA:55,0
DA:59,1
DA:64,1
DA:68,0
DA:73,0
DA:77,0
DA:83,0
DA:88,0
DA:94,0
DA:99,1
DA:107,0
DA:111,0
DA:112,0
DA:113,0
DA:116,0
DA:119,0
DA:126,0
DA:130,0
DA:131,0
DA:136,0
DA:143,0
DA:144,0
DA:145,0
DA:146,0
DA:147,0
DA:149,0
DA:150,0
DA:151,0
DA:154,0
DA:158,0
DA:159,0
DA:160,0
DA:163,0
DA:164,0
DA:165,0
DA:166,0
DA:167,0
DA:170,0
DA:172,0
DA:181,0
DA:190,0
DA:191,0
DA:195,0
DA:196,0
DA:204,1
DA:205,1
DA:208,0
DA:209,0
DA:211,0
DA:216,1
DA:217,1
DA:220,0
DA:221,0
DA:223,0
DA:228,0
DA:229,0
DA:232,0
DA:234,0
DA:235,0
DA:238,0
DA:243,0
DA:247,0
DA:250,0
DA:254,0
DA:257,0
DA:261,0
DA:266,0
DA:269,0
DA:271,0
DA:274,0
DA:279,0
DA:280,0
DA:282,0
DA:287,0
DA:289,0
DA:293,0
DA:294,0
DA:296,0
DA:297,0
DA:305,0
DA:309,0
DA:310,0
DA:313,0
DA:316,0
LF:92
LH:7
end_of_record
